Log file open, 04/06/22 02:47:33
LogWindows: Failed to load 'aqProf.dll' (GetLastError=126)
LogWindows: File 'aqProf.dll' does not exist
LogWindows: Failed to load 'VtuneApi.dll' (GetLastError=126)
LogWindows: File 'VtuneApi.dll' does not exist
LogWindows: Failed to load 'VtuneApi32e.dll' (GetLastError=126)
LogWindows: File 'VtuneApi32e.dll' does not exist
LogConsoleResponse: Display: Failed to find resolution value strings in scalability ini. Falling back to default.
LogConsoleResponse: Display: Failed to find resolution value strings in scalability ini. Falling back to default.
LogInit: Display: Running engine for game: BlindGame
LogPlatformFile: Not using cached read wrapper
LogTaskGraph: Started task graph with 5 named threads and 26 total threads with 3 sets of task threads.
LogStats: Stats thread started at 0.703968
LogICUInternationalization: ICU TimeZone Detection - Raw Offset: -5:00, Platform Override: ''
LogInit: Display: Loading text-based GConfig....
LogPluginManager: Mounting plugin MeshPainting
LogPluginManager: Mounting plugin XGEController
LogPluginManager: Mounting plugin Paper2D
LogPluginManager: Mounting plugin LiveLink
LogPluginManager: Mounting plugin LightPropagationVolume
LogPluginManager: Mounting plugin CameraShakePreviewer
LogPluginManager: Mounting plugin GameplayCameras
LogPluginManager: Mounting plugin AISupport
LogPluginManager: Mounting plugin EnvironmentQueryEditor
LogPluginManager: Mounting plugin OodleData
LogPluginManager: Mounting plugin OodleNetwork
LogPluginManager: Mounting plugin AnimationSharing
LogPluginManager: Mounting plugin CLionSourceCodeAccess
LogPluginManager: Mounting plugin CodeLiteSourceCodeAccess
LogPluginManager: Mounting plugin GitSourceControl
LogPluginManager: Mounting plugin KDevelopSourceCodeAccess
LogPluginManager: Mounting plugin NullSourceCodeAccess
LogPluginManager: Mounting plugin PerforceSourceControl
LogPluginManager: Mounting plugin PixWinPlugin
LogPluginManager: Mounting plugin PlasticSourceControl
LogPluginManager: Mounting plugin PluginUtils
LogPluginManager: Mounting plugin PropertyAccessNode
LogPluginManager: Mounting plugin RiderSourceCodeAccess
LogPluginManager: Mounting plugin SubversionSourceControl
LogPluginManager: Mounting plugin TextureFormatOodle
LogPluginManager: Mounting plugin UObjectPlugin
LogPluginManager: Mounting plugin VisualStudioCodeSourceCodeAccess
LogPluginManager: Mounting plugin XCodeSourceCodeAccess
LogPluginManager: Mounting plugin VisualStudioSourceCodeAccess
LogPluginManager: Mounting plugin AssetManagerEditor
LogPluginManager: Mounting plugin DatasmithContent
LogPluginManager: Mounting plugin BlueprintMaterialTextureNodes
LogPluginManager: Mounting plugin VariantManagerContent
LogPluginManager: Mounting plugin CurveEditorTools
LogPluginManager: Mounting plugin CryptoKeys
LogPluginManager: Mounting plugin DataValidation
LogPluginManager: Mounting plugin FacialAnimation
LogPluginManager: Mounting plugin GeometryMode
LogPluginManager: Mounting plugin GameplayTagsEditor
LogPluginManager: Mounting plugin MacGraphicsSwitching
LogPluginManager: Mounting plugin MaterialAnalyzer
LogPluginManager: Mounting plugin PluginBrowser
LogPluginManager: Mounting plugin AlembicImporter
LogPluginManager: Mounting plugin SpeedTreeImporter
LogPluginManager: Mounting plugin MobileLauncherProfileWizard
LogPluginManager: Mounting plugin AutomationUtils
LogPluginManager: Mounting plugin BackChannel
LogPluginManager: Mounting plugin ChaosClothEditor
LogPluginManager: Mounting plugin ChaosCloth
LogPluginManager: Mounting plugin ChaosEditor
LogPluginManager: Mounting plugin ChaosNiagara
LogPluginManager: Mounting plugin ChaosSolverPlugin
LogPluginManager: Mounting plugin CharacterAI
LogPluginManager: Mounting plugin GeometryCache
LogPluginManager: Mounting plugin GeometryCollectionPlugin
LogPluginManager: Mounting plugin GeometryProcessing
LogPluginManager: Mounting plugin Landmass
LogPluginManager: Mounting plugin MotoSynth
LogPluginManager: Mounting plugin OpenImageDenoise
LogPluginManager: Mounting plugin PlanarCut
LogPluginManager: Mounting plugin PlatformCrypto
LogPluginManager: Mounting plugin ProxyLODPlugin
LogPluginManager: Mounting plugin PythonScriptPlugin
LogPluginManager: Mounting plugin SkeletalReduction
LogPluginManager: Mounting plugin Water
LogPluginManager: Mounting plugin Niagara
LogPluginManager: Mounting plugin LuminPlatformFeatures
LogPluginManager: Mounting plugin MagicLeap
LogPluginManager: Mounting plugin MagicLeapLightEstimation
LogPluginManager: Mounting plugin MagicLeapMedia
LogPluginManager: Mounting plugin MagicLeapPassableWorld
LogPluginManager: Mounting plugin MLSDK
LogPluginManager: Mounting plugin AndroidMedia
LogPluginManager: Mounting plugin AvfMedia
LogPluginManager: Mounting plugin ImgMedia
LogPluginManager: Mounting plugin MediaCompositing
LogPluginManager: Mounting plugin MediaPlayerEditor
LogPluginManager: Mounting plugin WebMMedia
LogPluginManager: Mounting plugin WmfMedia
LogPluginManager: Mounting plugin TcpMessaging
LogPluginManager: Mounting plugin UdpMessaging
LogPluginManager: Mounting plugin ActorSequence
LogPluginManager: Mounting plugin LevelSequenceEditor
LogPluginManager: Mounting plugin MatineeToLevelSequence
LogPluginManager: Mounting plugin TemplateSequence
LogPluginManager: Mounting plugin OnlineSubsystem
LogPluginManager: Mounting plugin OnlineSubsystemNull
LogPluginManager: Mounting plugin OnlineSubsystemUtils
LogPluginManager: Mounting plugin LauncherChunkInstaller
LogPluginManager: Mounting plugin ActorLayerUtilities
LogPluginManager: Mounting plugin AndroidDeviceProfileSelector
LogPluginManager: Mounting plugin AndroidMoviePlayer
LogPluginManager: Mounting plugin AndroidPermission
LogPluginManager: Mounting plugin AppleImageUtils
LogPluginManager: Mounting plugin AppleMoviePlayer
LogPluginManager: Mounting plugin ArchVisCharacter
LogPluginManager: Mounting plugin AssetTags
LogPluginManager: Mounting plugin AudioCapture
LogPluginManager: Mounting plugin AudioSynesthesia
LogPluginManager: Mounting plugin CableComponent
LogPluginManager: Mounting plugin ChunkDownloader
LogPluginManager: Mounting plugin CustomMeshComponent
LogPluginManager: Mounting plugin EditableMesh
LogPluginManager: Mounting plugin ExampleDeviceProfileSelector
LogPluginManager: Mounting plugin GoogleCloudMessaging
LogPluginManager: Mounting plugin GooglePAD
LogPluginManager: Mounting plugin IOSDeviceProfileSelector
LogPluginManager: Mounting plugin LinuxDeviceProfileSelector
LogPluginManager: Mounting plugin LocationServicesBPLibrary
LogPluginManager: Mounting plugin MobilePatchingUtils
LogPluginManager: Mounting plugin OpenXR
LogPluginManager: Mounting plugin OpenXREyeTracker
LogPluginManager: Mounting plugin OpenXRHandTracking
LogPluginManager: Mounting plugin PhysXVehicles
LogPluginManager: Mounting plugin ProceduralMeshComponent
LogPluginManager: Mounting plugin PostSplashScreen
LogPluginManager: Mounting plugin PropertyAccessEditor
LogPluginManager: Mounting plugin RuntimePhysXCooking
LogPluginManager: Mounting plugin SignificanceManager
LogPluginManager: Mounting plugin SoundFields
LogPluginManager: Mounting plugin Synthesis
LogPluginManager: Mounting plugin WebMMoviePlayer
LogPluginManager: Mounting plugin WindowsMoviePlayer
LogPluginManager: Mounting plugin ScreenshotTools
LogPluginManager: Mounting plugin Takes
LogPluginManager: Mounting plugin ContentBrowserAssetDataSource
LogPluginManager: Mounting plugin ContentBrowserClassDataSource
LogPluginManager: Mounting plugin ContentBrowserFileDataSource
LogPluginManager: Mounting plugin OnlineSubsystemGooglePlay
LogPluginManager: Mounting plugin OnlineSubsystemIOS
LogPluginManager: Mounting plugin OculusVR
LogPluginManager: Mounting plugin SteamVR
PixWinPlugin: PIX capture plugin failed to initialize! Check that the process is launched from PIX.
LogInit: Using libcurl 7.55.1-DEV
LogInit:  - built for x86_64-pc-win32
LogInit:  - supports SSL with OpenSSL/1.1.1
LogInit:  - supports HTTP deflate (compression) using libz 1.2.8
LogInit:  - other features:
LogInit:      CURL_VERSION_SSL
LogInit:      CURL_VERSION_LIBZ
LogInit:      CURL_VERSION_IPV6
LogInit:      CURL_VERSION_ASYNCHDNS
LogInit:      CURL_VERSION_LARGEFILE
LogInit:      CURL_VERSION_IDN
LogInit:  CurlRequestOptions (configurable via config and command line):
LogInit:  - bVerifyPeer = true  - Libcurl will verify peer certificate
LogInit:  - bUseHttpProxy = false  - Libcurl will NOT use HTTP proxy
LogInit:  - bDontReuseConnections = false  - Libcurl will reuse connections
LogInit:  - MaxHostConnections = 16  - Libcurl will limit the number of connections to a host
LogInit:  - LocalHostAddr = Default
LogInit:  - BufferSize = 65536
LogOnline: OSS: Creating online subsystem instance for: NULL
LogInit: WinSock: version 1.1 (2.2), MaxSocks=32767, MaxUdp=65467
LogOnline: OSS: TryLoadSubsystemAndSetDefault: Loaded subsystem for module [NULL]
LogOculusPluginWrapper: OculusPlugin initialized successfully
LogHMD: Failed initializing OVRPlugin 1.59.0
LogInit: Build: ++UE4+Release-4.27-CL-18319896
LogInit: Engine Version: 4.27.2-18319896+++UE4+Release-4.27
LogInit: Compatible Engine Version: 4.27.0-17155196+++UE4+Release-4.27
LogInit: Net CL: 17155196
LogInit: OS: Windows 10 (Release 2009) (), CPU: Intel(R) Core(TM) i7-9700K CPU @ 3.60GHz, GPU: NVIDIA GeForce RTX 2070
LogInit: Compiled (64-bit): Nov 30 2021 07:12:08
LogInit: Compiled with Visual C++: 19.24.28315.00
LogInit: Build Configuration: Development
LogInit: Branch Name: ++UE4+Release-4.27
LogInit: Command Line: 
LogInit: Base Directory: D:/Games/UE_4.27/Engine/Binaries/Win64/
LogInit: Allocator: TBB
LogInit: Installed Engine Build: 1
LogDevObjectVersion: Number of dev versions registered: 29
LogDevObjectVersion:   Dev-Blueprints (B0D832E4-1F89-4F0D-ACCF-7EB736FD4AA2): 10
LogDevObjectVersion:   Dev-Build (E1C64328-A22C-4D53-A36C-8E866417BD8C): 0
LogDevObjectVersion:   Dev-Core (375EC13C-06E4-48FB-B500-84F0262A717E): 4
LogDevObjectVersion:   Dev-Editor (E4B068ED-F494-42E9-A231-DA0B2E46BB41): 40
LogDevObjectVersion:   Dev-Framework (CFFC743F-43B0-4480-9391-14DF171D2073): 37
LogDevObjectVersion:   Dev-Mobile (B02B49B5-BB20-44E9-A304-32B752E40360): 3
LogDevObjectVersion:   Dev-Networking (A4E4105C-59A1-49B5-A7C5-40C4547EDFEE): 0
LogDevObjectVersion:   Dev-Online (39C831C9-5AE6-47DC-9A44-9C173E1C8E7C): 0
LogDevObjectVersion:   Dev-Physics (78F01B33-EBEA-4F98-B9B4-84EACCB95AA2): 14
LogDevObjectVersion:   Dev-Platform (6631380F-2D4D-43E0-8009-CF276956A95A): 0
LogDevObjectVersion:   Dev-Rendering (12F88B9F-8875-4AFC-A67C-D90C383ABD29): 45
LogDevObjectVersion:   Dev-Sequencer (7B5AE74C-D270-4C10-A958-57980B212A5A): 13
LogDevObjectVersion:   Dev-VR (D7296918-1DD6-4BDD-9DE2-64A83CC13884): 3
LogDevObjectVersion:   Dev-LoadTimes (C2A15278-BFE7-4AFE-6C17-90FF531DF755): 1
LogDevObjectVersion:   Private-Geometry (6EACA3D4-40EC-4CC1-B786-8BED09428FC5): 3
LogDevObjectVersion:   Dev-AnimPhys (29E575DD-E0A3-4627-9D10-D276232CDCEA): 17
LogDevObjectVersion:   Dev-Anim (AF43A65D-7FD3-4947-9873-3E8ED9C1BB05): 15
LogDevObjectVersion:   Dev-ReflectionCapture (6B266CEC-1EC7-4B8F-A30B-E4D90942FC07): 1
LogDevObjectVersion:   Dev-Automation (0DF73D61-A23F-47EA-B727-89E90C41499A): 1
LogDevObjectVersion:   FortniteMain (601D1886-AC64-4F84-AA16-D3DE0DEAC7D6): 47
LogDevObjectVersion:   FortniteRelease (E7086368-6B23-4C58-8439-1B7016265E91): 1
LogDevObjectVersion:   Dev-Enterprise (9DFFBCD6-494F-0158-E221-12823C92A888): 10
LogDevObjectVersion:   Dev-Niagara (F2AED0AC-9AFE-416F-8664-AA7FFA26D6FC): 1
LogDevObjectVersion:   Dev-Destruction (174F1F0B-B4C6-45A5-B13F-2EE8D0FB917D): 10
LogDevObjectVersion:   Dev-Physics-Ext (35F94A83-E258-406C-A318-09F59610247C): 41
LogDevObjectVersion:   Dev-PhysicsMaterial-Chaos (B68FC16E-8B1B-42E2-B453-215C058844FE): 1
LogDevObjectVersion:   Dev-CineCamera (B2E18506-4273-CFC2-A54E-F4BB758BBA07): 1
LogDevObjectVersion:   Dev-VirtualProduction (64F58936-FD1B-42BA-BA96-7289D5D0FA4E): 1
LogDevObjectVersion:   Dev-MediaFramework (6F0ED827-A609-4895-9C91-998D90180EA4): 2
LogInit: Presizing for max 25165824 objects, including 0 objects not considered by GC, pre-allocating 0 bytes for permanent pool.
LogConfig: Applying CVar settings from Section [/Script/Engine.StreamingSettings] File [C:/Users/Nino/Documents/Blind-Game/BlindGame/Saved/Config/Windows/Engine.ini]
LogConfig: Setting CVar [[s.MinBulkDataSizeForAsyncLoading:131072]]
LogConfig: Setting CVar [[s.AsyncLoadingThreadEnabled:0]]
LogConfig: Setting CVar [[s.EventDrivenLoaderEnabled:1]]
LogConfig: Setting CVar [[s.WarnIfTimeLimitExceeded:0]]
LogConfig: Setting CVar [[s.TimeLimitExceededMultiplier:1.5]]
LogConfig: Setting CVar [[s.TimeLimitExceededMinTime:0.005]]
LogConfig: Setting CVar [[s.UseBackgroundLevelStreaming:1]]
LogConfig: Setting CVar [[s.PriorityAsyncLoadingExtraTime:15.0]]
LogConfig: Setting CVar [[s.LevelStreamingActorsUpdateTimeLimit:5.0]]
LogConfig: Setting CVar [[s.PriorityLevelStreamingActorsUpdateExtraTime:5.0]]
LogConfig: Setting CVar [[s.LevelStreamingComponentsRegistrationGranularity:10]]
LogConfig: Setting CVar [[s.UnregisterComponentsTimeLimit:1.0]]
LogConfig: Setting CVar [[s.LevelStreamingComponentsUnregistrationGranularity:5]]
LogConfig: Setting CVar [[s.FlushStreamingOnExit:1]]
LogInit: Object subsystem initialized
LogConfig: Setting CVar [[con.DebugEarlyDefault:1]]
LogConfig: Setting CVar [[r.setres:1280x720]]
LogConfig: Setting CVar [[fx.NiagaraAllowRuntimeScalabilityChanges:1]]
[2022.04.06-06.47.33:730][  0]LogConfig: Setting CVar [[r.VSync:0]]
[2022.04.06-06.47.33:730][  0]LogConfig: Setting CVar [[r.RHICmdBypass:0]]
[2022.04.06-06.47.33:730][  0]LogConfig: Applying CVar settings from Section [/Script/Engine.RendererSettings] File [C:/Users/Nino/Documents/Blind-Game/BlindGame/Saved/Config/Windows/Engine.ini]
[2022.04.06-06.47.33:730][  0]LogConfig: Setting CVar [[r.GPUCrashDebugging:0]]
[2022.04.06-06.47.33:730][  0]LogConfig: Setting CVar [[r.VirtualTextures:1]]
[2022.04.06-06.47.33:730][  0]LogConfig: Applying CVar settings from Section [/Script/Engine.RendererOverrideSettings] File [C:/Users/Nino/Documents/Blind-Game/BlindGame/Saved/Config/Windows/Engine.ini]
[2022.04.06-06.47.33:730][  0]LogConfig: Applying CVar settings from Section [/Script/Engine.StreamingSettings] File [C:/Users/Nino/Documents/Blind-Game/BlindGame/Saved/Config/Windows/Engine.ini]
[2022.04.06-06.47.33:730][  0]LogConfig: Setting CVar [[s.MinBulkDataSizeForAsyncLoading:131072]]
[2022.04.06-06.47.33:730][  0]LogConfig: Setting CVar [[s.AsyncLoadingThreadEnabled:0]]
[2022.04.06-06.47.33:730][  0]LogConfig: Setting CVar [[s.EventDrivenLoaderEnabled:1]]
[2022.04.06-06.47.33:730][  0]LogConfig: Setting CVar [[s.WarnIfTimeLimitExceeded:0]]
[2022.04.06-06.47.33:730][  0]LogConfig: Setting CVar [[s.TimeLimitExceededMultiplier:1.5]]
[2022.04.06-06.47.33:730][  0]LogConfig: Setting CVar [[s.TimeLimitExceededMinTime:0.005]]
[2022.04.06-06.47.33:730][  0]LogConfig: Setting CVar [[s.UseBackgroundLevelStreaming:1]]
[2022.04.06-06.47.33:730][  0]LogConfig: Setting CVar [[s.PriorityAsyncLoadingExtraTime:15.0]]
[2022.04.06-06.47.33:730][  0]LogConfig: Setting CVar [[s.LevelStreamingActorsUpdateTimeLimit:5.0]]
[2022.04.06-06.47.33:730][  0]LogConfig: Setting CVar [[s.PriorityLevelStreamingActorsUpdateExtraTime:5.0]]
[2022.04.06-06.47.33:730][  0]LogConfig: Setting CVar [[s.LevelStreamingComponentsRegistrationGranularity:10]]
[2022.04.06-06.47.33:730][  0]LogConfig: Setting CVar [[s.UnregisterComponentsTimeLimit:1.0]]
[2022.04.06-06.47.33:730][  0]LogConfig: Setting CVar [[s.LevelStreamingComponentsUnregistrationGranularity:5]]
[2022.04.06-06.47.33:730][  0]LogConfig: Setting CVar [[s.FlushStreamingOnExit:1]]
[2022.04.06-06.47.33:731][  0]LogConfig: Applying CVar settings from Section [/Script/Engine.GarbageCollectionSettings] File [C:/Users/Nino/Documents/Blind-Game/BlindGame/Saved/Config/Windows/Engine.ini]
[2022.04.06-06.47.33:731][  0]LogConfig: Setting CVar [[gc.MaxObjectsNotConsideredByGC:1]]
[2022.04.06-06.47.33:731][  0]LogConfig: Setting CVar [[gc.SizeOfPermanentObjectPool:0]]
[2022.04.06-06.47.33:731][  0]LogConfig: Setting CVar [[gc.FlushStreamingOnGC:0]]
[2022.04.06-06.47.33:731][  0]LogConfig: Setting CVar [[gc.NumRetriesBeforeForcingGC:10]]
[2022.04.06-06.47.33:731][  0]LogConfig: Setting CVar [[gc.AllowParallelGC:1]]
[2022.04.06-06.47.33:731][  0]LogConfig: Setting CVar [[gc.TimeBetweenPurgingPendingKillObjects:61.1]]
[2022.04.06-06.47.33:731][  0]LogConfig: Setting CVar [[gc.MaxObjectsInEditor:25165824]]
[2022.04.06-06.47.33:731][  0]LogConfig: Setting CVar [[gc.IncrementalBeginDestroyEnabled:1]]
[2022.04.06-06.47.33:731][  0]LogConfig: Setting CVar [[gc.CreateGCClusters:1]]
[2022.04.06-06.47.33:731][  0]LogConfig: Setting CVar [[gc.MinGCClusterSize:5]]
[2022.04.06-06.47.33:731][  0]LogConfig: Setting CVar [[gc.ActorClusteringEnabled:0]]
[2022.04.06-06.47.33:731][  0]LogConfig: Setting CVar [[gc.BlueprintClusteringEnabled:0]]
[2022.04.06-06.47.33:731][  0]LogConfig: Setting CVar [[gc.UseDisregardForGCOnDedicatedServers:0]]
[2022.04.06-06.47.33:731][  0]LogConfig: Setting CVar [[gc.MultithreadedDestructionEnabled:1]]
[2022.04.06-06.47.33:731][  0]LogConfig: Applying CVar settings from Section [/Script/Engine.NetworkSettings] File [C:/Users/Nino/Documents/Blind-Game/BlindGame/Saved/Config/Windows/Engine.ini]
[2022.04.06-06.47.33:731][  0]LogConfig: Applying CVar settings from Section [/Script/UnrealEd.CookerSettings] File [C:/Users/Nino/Documents/Blind-Game/BlindGame/Saved/Config/Windows/Engine.ini]
[2022.04.06-06.47.33:752][  0]LogConfig: Applying CVar settings from Section [ViewDistanceQuality@3] File [C:/Users/Nino/Documents/Blind-Game/BlindGame/Saved/Config/Windows/Scalability.ini]
[2022.04.06-06.47.33:752][  0]LogConfig: Setting CVar [[r.SkeletalMeshLODBias:0]]
[2022.04.06-06.47.33:752][  0]LogConfig: Setting CVar [[r.ViewDistanceScale:1.0]]
[2022.04.06-06.47.33:752][  0]LogConfig: Applying CVar settings from Section [AntiAliasingQuality@3] File [C:/Users/Nino/Documents/Blind-Game/BlindGame/Saved/Config/Windows/Scalability.ini]
[2022.04.06-06.47.33:752][  0]LogConfig: Setting CVar [[r.PostProcessAAQuality:4]]
[2022.04.06-06.47.33:752][  0]LogConfig: Applying CVar settings from Section [ShadowQuality@3] File [C:/Users/Nino/Documents/Blind-Game/BlindGame/Saved/Config/Windows/Scalability.ini]
[2022.04.06-06.47.33:752][  0]LogConfig: Setting CVar [[r.LightFunctionQuality:1]]
[2022.04.06-06.47.33:752][  0]LogConfig: Setting CVar [[r.ShadowQuality:5]]
[2022.04.06-06.47.33:752][  0]LogConfig: Setting CVar [[r.Shadow.CSM.MaxCascades:10]]
[2022.04.06-06.47.33:752][  0]LogConfig: Setting CVar [[r.Shadow.MaxResolution:2048]]
[2022.04.06-06.47.33:752][  0]LogConfig: Setting CVar [[r.Shadow.MaxCSMResolution:2048]]
[2022.04.06-06.47.33:752][  0]LogConfig: Setting CVar [[r.Shadow.RadiusThreshold:0.01]]
[2022.04.06-06.47.33:752][  0]LogConfig: Setting CVar [[r.Shadow.DistanceScale:1.0]]
[2022.04.06-06.47.33:752][  0]LogConfig: Setting CVar [[r.Shadow.CSM.TransitionScale:1.0]]
[2022.04.06-06.47.33:752][  0]LogConfig: Setting CVar [[r.Shadow.PreShadowResolutionFactor:1.0]]
[2022.04.06-06.47.33:752][  0]LogConfig: Setting CVar [[r.DistanceFieldShadowing:1]]
[2022.04.06-06.47.33:753][  0]LogConfig: Setting CVar [[r.DistanceFieldAO:1]]
[2022.04.06-06.47.33:753][  0]LogConfig: Setting CVar [[r.AOQuality:2]]
[2022.04.06-06.47.33:753][  0]LogConfig: Setting CVar [[r.VolumetricFog:1]]
[2022.04.06-06.47.33:753][  0]LogConfig: Setting CVar [[r.VolumetricFog.GridPixelSize:8]]
[2022.04.06-06.47.33:753][  0]LogConfig: Setting CVar [[r.VolumetricFog.GridSizeZ:128]]
[2022.04.06-06.47.33:753][  0]LogConfig: Setting CVar [[r.VolumetricFog.HistoryMissSupersampleCount:4]]
[2022.04.06-06.47.33:753][  0]LogConfig: Setting CVar [[r.LightMaxDrawDistanceScale:1]]
[2022.04.06-06.47.33:753][  0]LogConfig: Setting CVar [[r.CapsuleShadows:1]]
[2022.04.06-06.47.33:753][  0]LogConfig: Applying CVar settings from Section [PostProcessQuality@3] File [C:/Users/Nino/Documents/Blind-Game/BlindGame/Saved/Config/Windows/Scalability.ini]
[2022.04.06-06.47.33:753][  0]LogConfig: Setting CVar [[r.MotionBlurQuality:4]]
[2022.04.06-06.47.33:753][  0]LogConfig: Setting CVar [[r.AmbientOcclusionMipLevelFactor:0.4]]
[2022.04.06-06.47.33:753][  0]LogConfig: Setting CVar [[r.AmbientOcclusionMaxQuality:100]]
[2022.04.06-06.47.33:753][  0]LogConfig: Setting CVar [[r.AmbientOcclusionLevels:-1]]
[2022.04.06-06.47.33:753][  0]LogConfig: Setting CVar [[r.AmbientOcclusionRadiusScale:1.0]]
[2022.04.06-06.47.33:753][  0]LogConfig: Setting CVar [[r.DepthOfFieldQuality:2]]
[2022.04.06-06.47.33:753][  0]LogConfig: Setting CVar [[r.RenderTargetPoolMin:400]]
[2022.04.06-06.47.33:753][  0]LogConfig: Setting CVar [[r.LensFlareQuality:2]]
[2022.04.06-06.47.33:753][  0]LogConfig: Setting CVar [[r.SceneColorFringeQuality:1]]
[2022.04.06-06.47.33:753][  0]LogConfig: Setting CVar [[r.EyeAdaptationQuality:2]]
[2022.04.06-06.47.33:753][  0]LogConfig: Setting CVar [[r.BloomQuality:5]]
[2022.04.06-06.47.33:753][  0]LogConfig: Setting CVar [[r.FastBlurThreshold:100]]
[2022.04.06-06.47.33:753][  0]LogConfig: Setting CVar [[r.Upscale.Quality:3]]
[2022.04.06-06.47.33:753][  0]LogConfig: Setting CVar [[r.Tonemapper.GrainQuantization:1]]
[2022.04.06-06.47.33:753][  0]LogConfig: Setting CVar [[r.LightShaftQuality:1]]
[2022.04.06-06.47.33:753][  0]LogConfig: Setting CVar [[r.Filter.SizeScale:1]]
[2022.04.06-06.47.33:753][  0]LogConfig: Setting CVar [[r.Tonemapper.Quality:5]]
[2022.04.06-06.47.33:753][  0]LogConfig: Setting CVar [[r.DOF.Gather.AccumulatorQuality:1        ; higher gathering accumulator quality]]
[2022.04.06-06.47.33:753][  0]LogConfig: Setting CVar [[r.DOF.Gather.PostfilterMethod:1          ; Median3x3 postfilering method]]
[2022.04.06-06.47.33:753][  0]LogConfig: Setting CVar [[r.DOF.Gather.EnableBokehSettings:0       ; no bokeh simulation when gathering]]
[2022.04.06-06.47.33:753][  0]LogConfig: Setting CVar [[r.DOF.Gather.RingCount:4                 ; medium number of samples when gathering]]
[2022.04.06-06.47.33:753][  0]LogConfig: Setting CVar [[r.DOF.Scatter.ForegroundCompositing:1    ; additive foreground scattering]]
[2022.04.06-06.47.33:753][  0]LogConfig: Setting CVar [[r.DOF.Scatter.BackgroundCompositing:2    ; additive background scattering]]
[2022.04.06-06.47.33:753][  0]LogConfig: Setting CVar [[r.DOF.Scatter.EnableBokehSettings:1      ; bokeh simulation when scattering]]
[2022.04.06-06.47.33:753][  0]LogConfig: Setting CVar [[r.DOF.Scatter.MaxSpriteRatio:0.1         ; only a maximum of 10% of scattered bokeh]]
[2022.04.06-06.47.33:753][  0]LogConfig: Setting CVar [[r.DOF.Recombine.Quality:1                ; cheap slight out of focus]]
[2022.04.06-06.47.33:753][  0]LogConfig: Setting CVar [[r.DOF.Recombine.EnableBokehSettings:0    ; no bokeh simulation on slight out of focus]]
[2022.04.06-06.47.33:753][  0]LogConfig: Setting CVar [[r.DOF.TemporalAAQuality:1                ; more stable temporal accumulation]]
[2022.04.06-06.47.33:753][  0]LogConfig: Setting CVar [[r.DOF.Kernel.MaxForegroundRadius:0.025]]
[2022.04.06-06.47.33:753][  0]LogConfig: Setting CVar [[r.DOF.Kernel.MaxBackgroundRadius:0.025]]
[2022.04.06-06.47.33:753][  0]LogConfig: Applying CVar settings from Section [TextureQuality@3] File [C:/Users/Nino/Documents/Blind-Game/BlindGame/Saved/Config/Windows/Scalability.ini]
[2022.04.06-06.47.33:753][  0]LogConfig: Setting CVar [[r.Streaming.MipBias:0]]
[2022.04.06-06.47.33:753][  0]LogConfig: Setting CVar [[r.Streaming.AmortizeCPUToGPUCopy:0]]
[2022.04.06-06.47.33:753][  0]LogConfig: Setting CVar [[r.Streaming.MaxNumTexturesToStreamPerFrame:0]]
[2022.04.06-06.47.33:753][  0]LogConfig: Setting CVar [[r.Streaming.Boost:1]]
[2022.04.06-06.47.33:753][  0]LogConfig: Setting CVar [[r.MaxAnisotropy:8]]
[2022.04.06-06.47.33:753][  0]LogConfig: Setting CVar [[r.VT.MaxAnisotropy:8]]
[2022.04.06-06.47.33:753][  0]LogConfig: Setting CVar [[r.Streaming.LimitPoolSizeToVRAM:0]]
[2022.04.06-06.47.33:753][  0]LogConfig: Setting CVar [[r.Streaming.PoolSize:1000]]
[2022.04.06-06.47.33:753][  0]LogConfig: Setting CVar [[r.Streaming.MaxEffectiveScreenSize:0]]
[2022.04.06-06.47.33:753][  0]LogConfig: Applying CVar settings from Section [EffectsQuality@3] File [C:/Users/Nino/Documents/Blind-Game/BlindGame/Saved/Config/Windows/Scalability.ini]
[2022.04.06-06.47.33:753][  0]LogConfig: Setting CVar [[r.TranslucencyLightingVolumeDim:64]]
[2022.04.06-06.47.33:753][  0]LogConfig: Setting CVar [[r.RefractionQuality:2]]
[2022.04.06-06.47.33:753][  0]LogConfig: Setting CVar [[r.SSR.Quality:3]]
[2022.04.06-06.47.33:753][  0]LogConfig: Setting CVar [[r.SSR.HalfResSceneColor:0]]
[2022.04.06-06.47.33:753][  0]LogConfig: Setting CVar [[r.SceneColorFormat:4]]
[2022.04.06-06.47.33:753][  0]LogConfig: Setting CVar [[r.DetailMode:2]]
[2022.04.06-06.47.33:753][  0]LogConfig: Setting CVar [[r.TranslucencyVolumeBlur:1]]
[2022.04.06-06.47.33:753][  0]LogConfig: Setting CVar [[r.MaterialQualityLevel:1 ; High quality]]
[2022.04.06-06.47.33:753][  0]LogConfig: Setting CVar [[r.AnisotropicMaterials:1]]
[2022.04.06-06.47.33:753][  0]LogConfig: Setting CVar [[r.SSS.Scale:1]]
[2022.04.06-06.47.33:753][  0]LogConfig: Setting CVar [[r.SSS.SampleSet:2]]
[2022.04.06-06.47.33:753][  0]LogConfig: Setting CVar [[r.SSS.Quality:1]]
[2022.04.06-06.47.33:753][  0]LogConfig: Setting CVar [[r.SSS.HalfRes:0]]
[2022.04.06-06.47.33:753][  0]LogConfig: Setting CVar [[r.SSGI.Quality:3]]
[2022.04.06-06.47.33:753][  0]LogConfig: Setting CVar [[r.EmitterSpawnRateScale:1.0]]
[2022.04.06-06.47.33:753][  0]LogConfig: Setting CVar [[r.ParticleLightQuality:2]]
[2022.04.06-06.47.33:753][  0]LogConfig: Setting CVar [[r.SkyAtmosphere.AerialPerspectiveLUT.FastApplyOnOpaque:1 ; Always have FastSkyLUT 1 in this case to avoid wrong sky]]
[2022.04.06-06.47.33:753][  0]LogConfig: Setting CVar [[r.SkyAtmosphere.AerialPerspectiveLUT.SampleCountMaxPerSlice:4]]
[2022.04.06-06.47.33:753][  0]LogConfig: Setting CVar [[r.SkyAtmosphere.AerialPerspectiveLUT.DepthResolution:16.0]]
[2022.04.06-06.47.33:753][  0]LogConfig: Setting CVar [[r.SkyAtmosphere.FastSkyLUT:1]]
[2022.04.06-06.47.33:753][  0]LogConfig: Setting CVar [[r.SkyAtmosphere.FastSkyLUT.SampleCountMin:4.0]]
[2022.04.06-06.47.33:753][  0]LogConfig: Setting CVar [[r.SkyAtmosphere.FastSkyLUT.SampleCountMax:128.0]]
[2022.04.06-06.47.33:753][  0]LogConfig: Setting CVar [[r.SkyAtmosphere.SampleCountMin:4.0]]
[2022.04.06-06.47.33:753][  0]LogConfig: Setting CVar [[r.SkyAtmosphere.SampleCountMax:128.0]]
[2022.04.06-06.47.33:753][  0]LogConfig: Setting CVar [[r.SkyAtmosphere.TransmittanceLUT.UseSmallFormat:0]]
[2022.04.06-06.47.33:753][  0]LogConfig: Setting CVar [[r.SkyAtmosphere.TransmittanceLUT.SampleCount:10.0]]
[2022.04.06-06.47.33:753][  0]LogConfig: Setting CVar [[r.SkyAtmosphere.MultiScatteringLUT.SampleCount:15.0]]
[2022.04.06-06.47.33:753][  0]LogConfig: Setting CVar [[r.SkyLight.RealTimeReflectionCapture:1]]
[2022.04.06-06.47.33:753][  0]LogConfig: Setting CVar [[fx.Niagara.QualityLevel:3]]
[2022.04.06-06.47.33:754][  0]LogConfig: Applying CVar settings from Section [FoliageQuality@3] File [C:/Users/Nino/Documents/Blind-Game/BlindGame/Saved/Config/Windows/Scalability.ini]
[2022.04.06-06.47.33:754][  0]LogConfig: Setting CVar [[foliage.DensityScale:1.0]]
[2022.04.06-06.47.33:754][  0]LogConfig: Setting CVar [[grass.DensityScale:1.0]]
[2022.04.06-06.47.33:754][  0]LogConfig: Applying CVar settings from Section [ShadingQuality@3] File [C:/Users/Nino/Documents/Blind-Game/BlindGame/Saved/Config/Windows/Scalability.ini]
[2022.04.06-06.47.33:754][  0]LogConfig: Setting CVar [[r.HairStrands.SkyLighting.IntegrationType:2]]
[2022.04.06-06.47.33:754][  0]LogConfig: Setting CVar [[r.HairStrands.SkyAO.SampleCount:4]]
[2022.04.06-06.47.33:754][  0]LogConfig: Setting CVar [[r.HairStrands.Visibility.MSAA.SamplePerPixel:4]]
[2022.04.06-06.47.33:754][  0]LogInit: Selected Device Profile: [Windows]
[2022.04.06-06.47.33:754][  0]LogInit: Applying CVar settings loaded from the selected device profile: [Windows]
[2022.04.06-06.47.33:754][  0]LogHAL: Display: Platform has ~ 16 GB [17106669568 / 17179869184 / 16], which maps to Larger [LargestMinGB=32, LargerMinGB=12, DefaultMinGB=8, SmallerMinGB=6, SmallestMinGB=0)
[2022.04.06-06.47.33:754][  0]LogInit: Going up to parent DeviceProfile []
[2022.04.06-06.47.33:754][  0]LogConfig: Applying CVar settings from Section [ViewDistanceQuality@3] File [C:/Users/Nino/Documents/Blind-Game/BlindGame/Saved/Config/Windows/Scalability.ini]
[2022.04.06-06.47.33:754][  0]LogConfig: Setting CVar [[r.SkeletalMeshLODBias:0]]
[2022.04.06-06.47.33:754][  0]LogConfig: Setting CVar [[r.ViewDistanceScale:1.0]]
[2022.04.06-06.47.33:754][  0]LogConfig: Applying CVar settings from Section [AntiAliasingQuality@3] File [C:/Users/Nino/Documents/Blind-Game/BlindGame/Saved/Config/Windows/Scalability.ini]
[2022.04.06-06.47.33:754][  0]LogConfig: Setting CVar [[r.PostProcessAAQuality:4]]
[2022.04.06-06.47.33:754][  0]LogConfig: Applying CVar settings from Section [ShadowQuality@3] File [C:/Users/Nino/Documents/Blind-Game/BlindGame/Saved/Config/Windows/Scalability.ini]
[2022.04.06-06.47.33:754][  0]LogConfig: Setting CVar [[r.LightFunctionQuality:1]]
[2022.04.06-06.47.33:754][  0]LogConfig: Setting CVar [[r.ShadowQuality:5]]
[2022.04.06-06.47.33:754][  0]LogConfig: Setting CVar [[r.Shadow.CSM.MaxCascades:10]]
[2022.04.06-06.47.33:754][  0]LogConfig: Setting CVar [[r.Shadow.MaxResolution:2048]]
[2022.04.06-06.47.33:754][  0]LogConfig: Setting CVar [[r.Shadow.MaxCSMResolution:2048]]
[2022.04.06-06.47.33:754][  0]LogConfig: Setting CVar [[r.Shadow.RadiusThreshold:0.01]]
[2022.04.06-06.47.33:754][  0]LogConfig: Setting CVar [[r.Shadow.DistanceScale:1.0]]
[2022.04.06-06.47.33:754][  0]LogConfig: Setting CVar [[r.Shadow.CSM.TransitionScale:1.0]]
[2022.04.06-06.47.33:754][  0]LogConfig: Setting CVar [[r.Shadow.PreShadowResolutionFactor:1.0]]
[2022.04.06-06.47.33:754][  0]LogConfig: Setting CVar [[r.DistanceFieldShadowing:1]]
[2022.04.06-06.47.33:754][  0]LogConfig: Setting CVar [[r.DistanceFieldAO:1]]
[2022.04.06-06.47.33:754][  0]LogConfig: Setting CVar [[r.AOQuality:2]]
[2022.04.06-06.47.33:754][  0]LogConfig: Setting CVar [[r.VolumetricFog:1]]
[2022.04.06-06.47.33:754][  0]LogConfig: Setting CVar [[r.VolumetricFog.GridPixelSize:8]]
[2022.04.06-06.47.33:754][  0]LogConfig: Setting CVar [[r.VolumetricFog.GridSizeZ:128]]
[2022.04.06-06.47.33:754][  0]LogConfig: Setting CVar [[r.VolumetricFog.HistoryMissSupersampleCount:4]]
[2022.04.06-06.47.33:754][  0]LogConfig: Setting CVar [[r.LightMaxDrawDistanceScale:1]]
[2022.04.06-06.47.33:754][  0]LogConfig: Setting CVar [[r.CapsuleShadows:1]]
[2022.04.06-06.47.33:754][  0]LogConfig: Applying CVar settings from Section [PostProcessQuality@3] File [C:/Users/Nino/Documents/Blind-Game/BlindGame/Saved/Config/Windows/Scalability.ini]
[2022.04.06-06.47.33:754][  0]LogConfig: Setting CVar [[r.MotionBlurQuality:4]]
[2022.04.06-06.47.33:754][  0]LogConfig: Setting CVar [[r.AmbientOcclusionMipLevelFactor:0.4]]
[2022.04.06-06.47.33:754][  0]LogConfig: Setting CVar [[r.AmbientOcclusionMaxQuality:100]]
[2022.04.06-06.47.33:754][  0]LogConfig: Setting CVar [[r.AmbientOcclusionLevels:-1]]
[2022.04.06-06.47.33:754][  0]LogConfig: Setting CVar [[r.AmbientOcclusionRadiusScale:1.0]]
[2022.04.06-06.47.33:754][  0]LogConfig: Setting CVar [[r.DepthOfFieldQuality:2]]
[2022.04.06-06.47.33:754][  0]LogConfig: Setting CVar [[r.RenderTargetPoolMin:400]]
[2022.04.06-06.47.33:754][  0]LogConfig: Setting CVar [[r.LensFlareQuality:2]]
[2022.04.06-06.47.33:754][  0]LogConfig: Setting CVar [[r.SceneColorFringeQuality:1]]
[2022.04.06-06.47.33:754][  0]LogConfig: Setting CVar [[r.EyeAdaptationQuality:2]]
[2022.04.06-06.47.33:754][  0]LogConfig: Setting CVar [[r.BloomQuality:5]]
[2022.04.06-06.47.33:754][  0]LogConfig: Setting CVar [[r.FastBlurThreshold:100]]
[2022.04.06-06.47.33:754][  0]LogConfig: Setting CVar [[r.Upscale.Quality:3]]
[2022.04.06-06.47.33:754][  0]LogConfig: Setting CVar [[r.Tonemapper.GrainQuantization:1]]
[2022.04.06-06.47.33:754][  0]LogConfig: Setting CVar [[r.LightShaftQuality:1]]
[2022.04.06-06.47.33:754][  0]LogConfig: Setting CVar [[r.Filter.SizeScale:1]]
[2022.04.06-06.47.33:754][  0]LogConfig: Setting CVar [[r.Tonemapper.Quality:5]]
[2022.04.06-06.47.33:754][  0]LogConfig: Setting CVar [[r.DOF.Gather.AccumulatorQuality:1        ; higher gathering accumulator quality]]
[2022.04.06-06.47.33:754][  0]LogConfig: Setting CVar [[r.DOF.Gather.PostfilterMethod:1          ; Median3x3 postfilering method]]
[2022.04.06-06.47.33:754][  0]LogConfig: Setting CVar [[r.DOF.Gather.EnableBokehSettings:0       ; no bokeh simulation when gathering]]
[2022.04.06-06.47.33:754][  0]LogConfig: Setting CVar [[r.DOF.Gather.RingCount:4                 ; medium number of samples when gathering]]
[2022.04.06-06.47.33:754][  0]LogConfig: Setting CVar [[r.DOF.Scatter.ForegroundCompositing:1    ; additive foreground scattering]]
[2022.04.06-06.47.33:754][  0]LogConfig: Setting CVar [[r.DOF.Scatter.BackgroundCompositing:2    ; additive background scattering]]
[2022.04.06-06.47.33:754][  0]LogConfig: Setting CVar [[r.DOF.Scatter.EnableBokehSettings:1      ; bokeh simulation when scattering]]
[2022.04.06-06.47.33:754][  0]LogConfig: Setting CVar [[r.DOF.Scatter.MaxSpriteRatio:0.1         ; only a maximum of 10% of scattered bokeh]]
[2022.04.06-06.47.33:754][  0]LogConfig: Setting CVar [[r.DOF.Recombine.Quality:1                ; cheap slight out of focus]]
[2022.04.06-06.47.33:754][  0]LogConfig: Setting CVar [[r.DOF.Recombine.EnableBokehSettings:0    ; no bokeh simulation on slight out of focus]]
[2022.04.06-06.47.33:754][  0]LogConfig: Setting CVar [[r.DOF.TemporalAAQuality:1                ; more stable temporal accumulation]]
[2022.04.06-06.47.33:754][  0]LogConfig: Setting CVar [[r.DOF.Kernel.MaxForegroundRadius:0.025]]
[2022.04.06-06.47.33:754][  0]LogConfig: Setting CVar [[r.DOF.Kernel.MaxBackgroundRadius:0.025]]
[2022.04.06-06.47.33:754][  0]LogConfig: Applying CVar settings from Section [TextureQuality@3] File [C:/Users/Nino/Documents/Blind-Game/BlindGame/Saved/Config/Windows/Scalability.ini]
[2022.04.06-06.47.33:755][  0]LogConfig: Setting CVar [[r.Streaming.MipBias:0]]
[2022.04.06-06.47.33:755][  0]LogConfig: Setting CVar [[r.Streaming.AmortizeCPUToGPUCopy:0]]
[2022.04.06-06.47.33:755][  0]LogConfig: Setting CVar [[r.Streaming.MaxNumTexturesToStreamPerFrame:0]]
[2022.04.06-06.47.33:755][  0]LogConfig: Setting CVar [[r.Streaming.Boost:1]]
[2022.04.06-06.47.33:755][  0]LogConfig: Setting CVar [[r.MaxAnisotropy:8]]
[2022.04.06-06.47.33:755][  0]LogConfig: Setting CVar [[r.VT.MaxAnisotropy:8]]
[2022.04.06-06.47.33:755][  0]LogConfig: Setting CVar [[r.Streaming.LimitPoolSizeToVRAM:0]]
[2022.04.06-06.47.33:755][  0]LogConfig: Setting CVar [[r.Streaming.PoolSize:1000]]
[2022.04.06-06.47.33:755][  0]LogConfig: Setting CVar [[r.Streaming.MaxEffectiveScreenSize:0]]
[2022.04.06-06.47.33:755][  0]LogConfig: Applying CVar settings from Section [EffectsQuality@3] File [C:/Users/Nino/Documents/Blind-Game/BlindGame/Saved/Config/Windows/Scalability.ini]
[2022.04.06-06.47.33:755][  0]LogConfig: Setting CVar [[r.TranslucencyLightingVolumeDim:64]]
[2022.04.06-06.47.33:755][  0]LogConfig: Setting CVar [[r.RefractionQuality:2]]
[2022.04.06-06.47.33:755][  0]LogConfig: Setting CVar [[r.SSR.Quality:3]]
[2022.04.06-06.47.33:755][  0]LogConfig: Setting CVar [[r.SSR.HalfResSceneColor:0]]
[2022.04.06-06.47.33:755][  0]LogConfig: Setting CVar [[r.SceneColorFormat:4]]
[2022.04.06-06.47.33:755][  0]LogConfig: Setting CVar [[r.DetailMode:2]]
[2022.04.06-06.47.33:755][  0]LogConfig: Setting CVar [[r.TranslucencyVolumeBlur:1]]
[2022.04.06-06.47.33:755][  0]LogConfig: Setting CVar [[r.MaterialQualityLevel:1 ; High quality]]
[2022.04.06-06.47.33:755][  0]LogConfig: Setting CVar [[r.AnisotropicMaterials:1]]
[2022.04.06-06.47.33:755][  0]LogConfig: Setting CVar [[r.SSS.Scale:1]]
[2022.04.06-06.47.33:755][  0]LogConfig: Setting CVar [[r.SSS.SampleSet:2]]
[2022.04.06-06.47.33:755][  0]LogConfig: Setting CVar [[r.SSS.Quality:1]]
[2022.04.06-06.47.33:755][  0]LogConfig: Setting CVar [[r.SSS.HalfRes:0]]
[2022.04.06-06.47.33:755][  0]LogConfig: Setting CVar [[r.SSGI.Quality:3]]
[2022.04.06-06.47.33:755][  0]LogConfig: Setting CVar [[r.EmitterSpawnRateScale:1.0]]
[2022.04.06-06.47.33:755][  0]LogConfig: Setting CVar [[r.ParticleLightQuality:2]]
[2022.04.06-06.47.33:755][  0]LogConfig: Setting CVar [[r.SkyAtmosphere.AerialPerspectiveLUT.FastApplyOnOpaque:1 ; Always have FastSkyLUT 1 in this case to avoid wrong sky]]
[2022.04.06-06.47.33:755][  0]LogConfig: Setting CVar [[r.SkyAtmosphere.AerialPerspectiveLUT.SampleCountMaxPerSlice:4]]
[2022.04.06-06.47.33:755][  0]LogConfig: Setting CVar [[r.SkyAtmosphere.AerialPerspectiveLUT.DepthResolution:16.0]]
[2022.04.06-06.47.33:755][  0]LogConfig: Setting CVar [[r.SkyAtmosphere.FastSkyLUT:1]]
[2022.04.06-06.47.33:755][  0]LogConfig: Setting CVar [[r.SkyAtmosphere.FastSkyLUT.SampleCountMin:4.0]]
[2022.04.06-06.47.33:755][  0]LogConfig: Setting CVar [[r.SkyAtmosphere.FastSkyLUT.SampleCountMax:128.0]]
[2022.04.06-06.47.33:755][  0]LogConfig: Setting CVar [[r.SkyAtmosphere.SampleCountMin:4.0]]
[2022.04.06-06.47.33:755][  0]LogConfig: Setting CVar [[r.SkyAtmosphere.SampleCountMax:128.0]]
[2022.04.06-06.47.33:755][  0]LogConfig: Setting CVar [[r.SkyAtmosphere.TransmittanceLUT.UseSmallFormat:0]]
[2022.04.06-06.47.33:755][  0]LogConfig: Setting CVar [[r.SkyAtmosphere.TransmittanceLUT.SampleCount:10.0]]
[2022.04.06-06.47.33:755][  0]LogConfig: Setting CVar [[r.SkyAtmosphere.MultiScatteringLUT.SampleCount:15.0]]
[2022.04.06-06.47.33:755][  0]LogConfig: Setting CVar [[r.SkyLight.RealTimeReflectionCapture:1]]
[2022.04.06-06.47.33:755][  0]LogConfig: Setting CVar [[fx.Niagara.QualityLevel:3]]
[2022.04.06-06.47.33:755][  0]LogConfig: Applying CVar settings from Section [FoliageQuality@3] File [C:/Users/Nino/Documents/Blind-Game/BlindGame/Saved/Config/Windows/Scalability.ini]
[2022.04.06-06.47.33:755][  0]LogConfig: Setting CVar [[foliage.DensityScale:1.0]]
[2022.04.06-06.47.33:755][  0]LogConfig: Setting CVar [[grass.DensityScale:1.0]]
[2022.04.06-06.47.33:755][  0]LogConfig: Applying CVar settings from Section [ShadingQuality@3] File [C:/Users/Nino/Documents/Blind-Game/BlindGame/Saved/Config/Windows/Scalability.ini]
[2022.04.06-06.47.33:755][  0]LogConfig: Setting CVar [[r.HairStrands.SkyLighting.IntegrationType:2]]
[2022.04.06-06.47.33:755][  0]LogConfig: Setting CVar [[r.HairStrands.SkyAO.SampleCount:4]]
[2022.04.06-06.47.33:755][  0]LogConfig: Setting CVar [[r.HairStrands.Visibility.MSAA.SamplePerPixel:4]]
[2022.04.06-06.47.33:755][  0]LogConfig: Applying CVar settings from Section [Startup] File [../../../Engine/Config/ConsoleVariables.ini]
[2022.04.06-06.47.33:759][  0]LogConfig: Setting CVar [[net.UseAdaptiveNetUpdateFrequency:0]]
[2022.04.06-06.47.33:759][  0]LogConfig: Setting CVar [[p.chaos.AllowCreatePhysxBodies:1]]
[2022.04.06-06.47.33:759][  0]LogConfig: Setting CVar [[fx.SkipVectorVMBackendOptimizations:1]]
[2022.04.06-06.47.33:759][  0]LogConfig: Applying CVar settings from Section [ConsoleVariables] File [C:/Users/Nino/Documents/Blind-Game/BlindGame/Saved/Config/Windows/Engine.ini]
[2022.04.06-06.47.33:759][  0]LogConfig: Applying CVar settings from Section [ConsoleVariables] File [C:/Users/Nino/Documents/Blind-Game/BlindGame/Saved/Config/Windows/Editor.ini]
[2022.04.06-06.47.33:760][  0]LogInit: Computer: DESKTOP-LRV82HI
[2022.04.06-06.47.33:760][  0]LogInit: User: Nino
[2022.04.06-06.47.33:760][  0]LogInit: CPU Page size=4096, Cores=8
[2022.04.06-06.47.33:760][  0]LogInit: High frequency timer resolution =10.000000 MHz
[2022.04.06-06.47.33:760][  0]LogMemory: Memory total: Physical=15.9GB (16GB approx)
[2022.04.06-06.47.33:760][  0]LogMemory: Platform Memory Stats for Windows
[2022.04.06-06.47.33:760][  0]LogMemory: Process Physical Memory: 151.85 MB used, 151.85 MB peak
[2022.04.06-06.47.33:760][  0]LogMemory: Process Virtual Memory: 129.59 MB used, 129.59 MB peak
[2022.04.06-06.47.33:760][  0]LogMemory: Physical Memory: 6983.49 MB used,  9330.70 MB free, 16314.19 MB total
[2022.04.06-06.47.33:760][  0]LogMemory: Virtual Memory: 134203712.00 MB used,  14019.21 MB free, 134217728.00 MB total
[2022.04.06-06.47.33:765][  0]LogWindows: WindowsPlatformFeatures enabled
[2022.04.06-06.47.33:823][  0]LogInit: Physics initialised using underlying interface: PhysX
[2022.04.06-06.47.33:824][  0]LogInit: Using OS detected language (en-US).
[2022.04.06-06.47.33:824][  0]LogInit: Using OS detected locale (en-CA).
[2022.04.06-06.47.33:826][  0]LogTextLocalizationManager: No specific localization for 'en-US' exists, so the 'en' localization will be used.
[2022.04.06-06.47.34:027][  0]LogInit: Setting process to per monitor DPI aware
[2022.04.06-06.47.34:040][  0]LogWindowsTextInputMethodSystem: Display: IME system deactivated.
[2022.04.06-06.47.34:053][  0]LogSlate: New Slate User Created.  User Index 0, Is Virtual User: 0
[2022.04.06-06.47.34:053][  0]LogSlate: Slate User Registered.  User Index 0, Is Virtual User: 0
[2022.04.06-06.47.34:265][  0]LogD3D11RHI: Loaded GFSDK_Aftermath_Lib.x64.dll
[2022.04.06-06.47.34:269][  0]LogHMD: Failed to initialize OpenVR with code 110
[2022.04.06-06.47.34:269][  0]LogD3D11RHI: D3D11 min allowed feature level: 11_0
[2022.04.06-06.47.34:269][  0]LogD3D11RHI: D3D11 max allowed feature level: 11_0
[2022.04.06-06.47.34:269][  0]LogD3D11RHI: D3D11 adapters:
[2022.04.06-06.47.34:392][  0]LogD3D11RHI:    0. 'NVIDIA GeForce RTX 2070' (Feature Level 11_0)
[2022.04.06-06.47.34:392][  0]LogD3D11RHI:       8031/0/8157 MB DedicatedVideo/DedicatedSystem/SharedSystem, Outputs:2, VendorId:0x10de
[2022.04.06-06.47.34:395][  0]LogD3D11RHI:    1. 'Microsoft Basic Render Driver' (Feature Level 11_0)
[2022.04.06-06.47.34:395][  0]LogD3D11RHI:       0/0/8157 MB DedicatedVideo/DedicatedSystem/SharedSystem, Outputs:0, VendorId:0x1414
[2022.04.06-06.47.34:395][  0]LogD3D11RHI: Chosen D3D11 Adapter:
[2022.04.06-06.47.34:395][  0]LogD3D11RHI:     Description : NVIDIA GeForce RTX 2070
[2022.04.06-06.47.34:395][  0]LogD3D11RHI:     VendorId    : 10de
[2022.04.06-06.47.34:395][  0]LogD3D11RHI:     DeviceId    : 1f02
[2022.04.06-06.47.34:395][  0]LogD3D11RHI:     SubSysId    : 37c21458
[2022.04.06-06.47.34:395][  0]LogD3D11RHI:     Revision    : 00a1
[2022.04.06-06.47.34:395][  0]LogD3D11RHI:     DedicatedVideoMemory : 8421113856 bytes
[2022.04.06-06.47.34:395][  0]LogD3D11RHI:     DedicatedSystemMemory : 0 bytes
[2022.04.06-06.47.34:395][  0]LogD3D11RHI:     SharedSystemMemory : 8553334784 bytes
[2022.04.06-06.47.34:395][  0]LogD3D11RHI:     AdapterLuid : 0 53320
[2022.04.06-06.47.34:401][  0]LogD3D11RHI: Creating new Direct3DDevice
[2022.04.06-06.47.34:401][  0]LogD3D11RHI:     GPU DeviceId: 0x1f02 (for the marketing name, search the web for "GPU Device Id")
[2022.04.06-06.47.34:401][  0]LogWindows: EnumDisplayDevices:
[2022.04.06-06.47.34:401][  0]LogWindows:    0. 'NVIDIA GeForce RTX 2070' (P:1 D:1)
[2022.04.06-06.47.34:402][  0]LogWindows:    1. 'NVIDIA GeForce RTX 2070' (P:0 D:1)
[2022.04.06-06.47.34:402][  0]LogWindows:    2. 'NVIDIA GeForce RTX 2070' (P:0 D:0)
[2022.04.06-06.47.34:402][  0]LogWindows:    3. 'NVIDIA GeForce RTX 2070' (P:0 D:0)
[2022.04.06-06.47.34:402][  0]LogWindows: DebugString: FoundDriverCount:4 
[2022.04.06-06.47.34:402][  0]LogD3D11RHI:     Adapter Name: NVIDIA GeForce RTX 2070
[2022.04.06-06.47.34:402][  0]LogD3D11RHI:   Driver Version: 512.15 (internal:30.0.15.1215, unified:512.15)
[2022.04.06-06.47.34:402][  0]LogD3D11RHI:      Driver Date: 3-17-2022
[2022.04.06-06.47.34:402][  0]LogRHI: Texture pool is 5621 MB (70% of 8031 MB)
[2022.04.06-06.47.34:402][  0]LogD3D11RHI: Creating D3DDevice using adapter:
[2022.04.06-06.47.34:402][  0]LogD3D11RHI:     Description : NVIDIA GeForce RTX 2070
[2022.04.06-06.47.34:402][  0]LogD3D11RHI:     VendorId    : 10de
[2022.04.06-06.47.34:402][  0]LogD3D11RHI:     DeviceId    : 1f02
[2022.04.06-06.47.34:402][  0]LogD3D11RHI:     SubSysId    : 37c21458
[2022.04.06-06.47.34:402][  0]LogD3D11RHI:     Revision    : 00a1
[2022.04.06-06.47.34:402][  0]LogD3D11RHI:     DedicatedVideoMemory : 8421113856 bytes
[2022.04.06-06.47.34:402][  0]LogD3D11RHI:     DedicatedSystemMemory : 0 bytes
[2022.04.06-06.47.34:403][  0]LogD3D11RHI:     SharedSystemMemory : 8553334784 bytes
[2022.04.06-06.47.34:403][  0]LogD3D11RHI:     AdapterLuid : 0 53320
[2022.04.06-06.47.34:450][  0]LogD3D11RHI: RHI has support for 64 bit atomics
[2022.04.06-06.47.34:450][  0]LogD3D11RHI: Async texture creation enabled
[2022.04.06-06.47.34:450][  0]LogD3D11RHI: Array index from any shader is supported
[2022.04.06-06.47.34:467][  0]LogD3D11RHI: GPU Timing Frequency: 1000.000000 (Debug: 2 1)
[2022.04.06-06.47.34:516][  0]LogRHI: GeForceNow SDK initialized: 1
[2022.04.06-06.47.34:839][  0]LogTargetPlatformManager: Display: Loaded TargetPlatform 'AllDesktop'
[2022.04.06-06.47.34:865][  0]LogTargetPlatformManager: Display: Loaded TargetPlatform 'Android'
[2022.04.06-06.47.34:865][  0]LogTargetPlatformManager: Display: Loaded TargetPlatform 'Android_ASTC'
[2022.04.06-06.47.34:865][  0]LogTargetPlatformManager: Display: Loaded TargetPlatform 'Android_DXT'
[2022.04.06-06.47.34:865][  0]LogTargetPlatformManager: Display: Loaded TargetPlatform 'Android_ETC2'
[2022.04.06-06.47.34:865][  0]LogTargetPlatformManager: Display: Loaded TargetPlatform 'AndroidClient'
[2022.04.06-06.47.34:865][  0]LogTargetPlatformManager: Display: Loaded TargetPlatform 'Android_ASTCClient'
[2022.04.06-06.47.34:865][  0]LogTargetPlatformManager: Display: Loaded TargetPlatform 'Android_DXTClient'
[2022.04.06-06.47.34:865][  0]LogTargetPlatformManager: Display: Loaded TargetPlatform 'Android_ETC2Client'
[2022.04.06-06.47.34:865][  0]LogTargetPlatformManager: Display: Loaded TargetPlatform 'Android_Multi'
[2022.04.06-06.47.34:865][  0]LogTargetPlatformManager: Display: Loaded TargetPlatform 'Android_MultiClient'
[2022.04.06-06.47.34:888][  0]LogTargetPlatformManager: Display: Loaded TargetPlatform 'IOSClient'
[2022.04.06-06.47.34:888][  0]LogTargetPlatformManager: Display: Loaded TargetPlatform 'IOS'
[2022.04.06-06.47.34:899][  0]LogTargetPlatformManager: Display: Loaded TargetPlatform 'Linux'
[2022.04.06-06.47.34:905][  0]LogTargetPlatformManager: Display: Loaded TargetPlatform 'LinuxNoEditor'
[2022.04.06-06.47.34:910][  0]LogTargetPlatformManager: Display: Loaded TargetPlatform 'LinuxClient'
[2022.04.06-06.47.34:916][  0]LogTargetPlatformManager: Display: Loaded TargetPlatform 'LinuxServer'
[2022.04.06-06.47.34:927][  0]LogTargetPlatformManager: Display: Loaded TargetPlatform 'LinuxAArch64NoEditor'
[2022.04.06-06.47.34:932][  0]LogTargetPlatformManager: Display: Loaded TargetPlatform 'LinuxAArch64Client'
[2022.04.06-06.47.34:938][  0]LogTargetPlatformManager: Display: Loaded TargetPlatform 'LinuxAArch64Server'
[2022.04.06-06.47.34:965][  0]LogTargetPlatformManager: Display: Loaded TargetPlatform 'Lumin'
[2022.04.06-06.47.34:965][  0]LogTargetPlatformManager: Display: Loaded TargetPlatform 'LuminClient'
[2022.04.06-06.47.34:975][  0]LogTargetPlatformManager: Display: Loaded TargetPlatform 'MacNoEditor'
[2022.04.06-06.47.34:980][  0]LogTargetPlatformManager: Display: Loaded TargetPlatform 'Mac'
[2022.04.06-06.47.34:986][  0]LogTargetPlatformManager: Display: Loaded TargetPlatform 'MacClient'
[2022.04.06-06.47.34:991][  0]LogTargetPlatformManager: Display: Loaded TargetPlatform 'MacServer'
[2022.04.06-06.47.35:003][  0]LogTargetPlatformManager: Display: Loaded TargetPlatform 'TVOSClient'
[2022.04.06-06.47.35:003][  0]LogTargetPlatformManager: Display: Loaded TargetPlatform 'TVOS'
[2022.04.06-06.47.35:013][  0]LogTargetPlatformManager: Display: Loaded TargetPlatform 'WindowsNoEditor'
[2022.04.06-06.47.35:019][  0]LogTargetPlatformManager: Display: Loaded TargetPlatform 'Windows'
[2022.04.06-06.47.35:025][  0]LogTargetPlatformManager: Display: Loaded TargetPlatform 'WindowsClient'
[2022.04.06-06.47.35:030][  0]LogTargetPlatformManager: Display: Loaded TargetPlatform 'WindowsServer'
[2022.04.06-06.47.35:030][  0]LogTargetPlatformManager: Display: Building Assets For Windows
[2022.04.06-06.47.35:040][  0]LogAudioDebug: Display: Lib vorbis DLL was dynamically loaded.
[2022.04.06-06.47.35:080][  0]LogTextureFormatOodle: Display: Oodle Texture 2.9.0 init RDO Off
[2022.04.06-06.47.35:123][  0]LogRendererCore: Ray tracing is disabled. Reason: r.RayTracing=0.
[2022.04.06-06.47.35:123][  0]LogShaderCompilers: Guid format shader working directory is 0 characters bigger than the processId version (C:/Users/Nino/Documents/Blind-Game/BlindGame/Intermediate/Shaders/WorkingDirectory/18420/).
[2022.04.06-06.47.35:123][  0]LogShaderCompilers: Cleaned the shader compiler working directory 'C:/Users/Nino/AppData/Local/Temp/UnrealShaderWorkingDir/44B870ED49365367A57EB28567A472B1/'.
[2022.04.06-06.47.35:123][  0]LogXGEController: Cleaning working directory: C:/Users/Nino/AppData/Local/Temp/UnrealXGEWorkingDir/
[2022.04.06-06.47.35:175][  0]LogShaderCompilers: Display: Using XGE Controller for Shader Compilation.
[2022.04.06-06.47.36:062][  0]LogDerivedDataCache: Display: Max Cache Size: 512 MB
[2022.04.06-06.47.36:124][  0]LogDerivedDataCache: Loaded boot cache 0.06s 95MB C:/Users/Nino/AppData/Local/UnrealEngine/4.27/DerivedDataCache/Boot.ddc.
[2022.04.06-06.47.36:124][  0]LogDerivedDataCache: Display: Loaded Boot cache: C:/Users/Nino/AppData/Local/UnrealEngine/4.27/DerivedDataCache/Boot.ddc
[2022.04.06-06.47.36:124][  0]LogDerivedDataCache: FDerivedDataBackendGraph:  Pak pak cache file C:/Users/Nino/Documents/Blind-Game/BlindGame/DerivedDataCache/DDC.ddp not found, will not use a pak cache.
[2022.04.06-06.47.36:124][  0]LogDerivedDataCache: Unable to find inner node Pak for hierarchical cache Hierarchy.
[2022.04.06-06.47.36:124][  0]LogDerivedDataCache: FDerivedDataBackendGraph:  CompressedPak pak cache file C:/Users/Nino/Documents/Blind-Game/BlindGame/DerivedDataCache/Compressed.ddp not found, will not use a pak cache.
[2022.04.06-06.47.36:124][  0]LogDerivedDataCache: Unable to find inner node CompressedPak for hierarchical cache Hierarchy.
[2022.04.06-06.47.36:143][  0]LogDerivedDataCache: Display: Pak cache opened for reading ../../../Engine/DerivedDataCache/Compressed.ddp.
[2022.04.06-06.47.36:143][  0]LogDerivedDataCache: FDerivedDataBackendGraph:  EnterprisePak pak cache file ../../../Enterprise/DerivedDataCache/Compressed.ddp not found, will not use a pak cache.
[2022.04.06-06.47.36:143][  0]LogDerivedDataCache: Unable to find inner node EnterprisePak for hierarchical cache Hierarchy.
[2022.04.06-06.47.36:149][  0]LogDerivedDataCache: Speed tests for C:/Users/Nino/AppData/Local/UnrealEngine/Common/DerivedDataCache took 0.01 seconds
[2022.04.06-06.47.36:149][  0]LogDerivedDataCache: Display: Performance to C:/Users/Nino/AppData/Local/UnrealEngine/Common/DerivedDataCache: Latency=0.03ms. RandomReadSpeed=1234.64MBs, RandomWriteSpeed=183.89MBs. Assigned SpeedClass 'Local'
[2022.04.06-06.47.36:152][  0]LogDerivedDataCache: Using Local data cache path C:/Users/Nino/AppData/Local/UnrealEngine/Common/DerivedDataCache: Writable
[2022.04.06-06.47.36:152][  0]LogDerivedDataCache: Shared data cache path not found in *engine.ini, will not use an Shared cache.
[2022.04.06-06.47.36:153][  0]LogDerivedDataCache: Unable to find inner node Shared for hierarchical cache Hierarchy.
[2022.04.06-06.47.37:612][  0]LogShaderCompilers: Display: Submitted 2637 shader compile jobs with 'High' priority
[2022.04.06-06.47.37:612][  0]LogSlate: Using FreeType 2.10.0
[2022.04.06-06.47.37:613][  0]LogSlate: SlateFontServices - WITH_FREETYPE: 1, WITH_HARFBUZZ: 1
[2022.04.06-06.47.37:645][  0]LogShaderCompilers: Display: Worker (1/5): shaders left to compile 2637
[2022.04.06-06.47.37:645][  0]LogShaderCompilers: Display: Started 2637 'XGE' shader compile jobs with 'High' priority
[2022.04.06-06.47.37:645][  0]LogAssetRegistry: FAssetRegistry took 0.0052 seconds to start up
[2022.04.06-06.47.37:988][  0]LogInit: Selected Device Profile: [Windows]
[2022.04.06-06.47.37:988][  0]LogInit: Active device profile: [0000018138ABA000][00000181349679C0 49] Windows
[2022.04.06-06.47.37:988][  0]LogInit: Profiles: [0000018138ABA000][00000181349679C0 49] Windows, [0000018138A55D00][0000018134987B40 49] WindowsNoEditor, [0000018138ABA400][000001813498E140 49] WindowsServer, [0000018138A55C00][00000181349922C0 49] WindowsClient, [0000018138ABA300][0000018134996440 49] IOS, [0000018138A55A00][000001813499A5C0 49] iPadAir, [0000018138AB9800][000001813499E740 49] iPadAir2, [0000018138999D00][00000181349A6A00 49] IPadPro, [0000018138999E00][00000181349A2A40 49] iPadAir3, [0000018138ABBE00][00000181349AEBC0 49] iPadAir4, [000001813899BC00][00000181349B6D40 49] iPadMini2, [0000018138AB8600][00000181349BAEC0 49] iPadMini3, [0000018138998B00][00000181349BF040 49] iPadMini4, [0000018138ABA700][00000181349C31C0 49] iPadMini5, [00000181389D1300][00000181349C7400 49] iPhone6, [00000181389D1400][000001813496B440 49] iPodTouch6, [0000018138A55F00][00000181349D3680 49] iPhone7, [0000018138A56300][00000181349CF6C0 49] iPodTouch7, [00000181389D3300][00000181349DB840 49] iPhone5S, [0000018138A56800][00000181349E39C0 49] iPhone6Plus, [00000181389D0900][00000181349E7B40 49] iPhone6S, [0000018138A56E00][00000181349EA140 49] iPhone6SPlus, [00000181389D2600][00000181349F22C0 49] iPhone7Plus, [0000018138A54600][00000181349F6440 49] iPhoneSE, [00000181389D0E00][00000181349FA5C0 49] iPhone8, [0000018138A57E00][0000018134A02740 49] iPhone8Plus, [00000181389D1800][0000018134A068C0 49] iPhoneX, [0000018138A55400][0000018134A0AA40 49] iPhoneXS, [00000181389D3C00][0000018134A0EBC0 49] iPhoneXSMax, [0000018138A54C00][0000018134A12D40 49] iPhoneXR, [00000181389D2800][0000018134A1AEC0 49] iPhone11, [0000018138A56F00][0000018134A1F040 49] iPhone11Pro, [00000181389D0800][0000018134A231C0 49] iPhone11ProMax, [0000018138A55600][0000018134A27340 49] iPhoneSE2, [00000181389D1F00][0000018134A2F4C0 49] iPhone12Mini, [0000018138A54B00][00000181349D7600 49] iPhone12, [00000181389D2D00][0000018134A33740 49] iPhone12Pro, [0000018138A56000][0000018134A3B880 49] iPhone12ProMax, [00000181389D0B00][0000018134D57A00 49] iPadPro105, [0000018138A54800][0000018134D6BB80 49] iPadPro129, [00000181389D0600][0000018134D6E180 49] iPadPro97, [0000018138A57500][000001813440A300 49] iPadPro2_129, [00000181389D2200][000001813440E480 49] iPad5, [000001813899A300][0000018134412600 49] iPad6, [0000018138B80100][0000018134416780 49] iPad7, [000001813899BD00][000001813441A900 49] iPad8, [0000018138A57400][000001813441EA80 49] iPadPro11, [000001813899B000][0000018134426C00 49] iPadPro2_11, [0000018138A55500][000001813442AD80 49] iPadPro3_129, [000001813899AD00][000001813442EF00 49] iPadPro4_129, [00000181389D1600][0000018134433080 49] AppleTV, [000001813899AB00][000001813443B200 49] AppleTV4K, [00000181389D0100][0000018134443380 49] TVOS, [0000018138998800][0000018134447500 49] Mac, [00000181389D3900][000001813444B680 49] MacClient, [0000018138998700][0000018134D537C0 49] MacNoEditor, [00000181389D1000][000001813444F900 49] MacServer, [0000018138998300][0000018134457A40 49] Linux, [00000181389D2400][000001813445FBC0 49] LinuxAArch64, [0000018138998200][000001813946A1C0 49] LinuxNoEditor, [00000181389D3700][000001813946E340 49] LinuxAArch64NoEditor, [000001813899AC00][000001813955A4C0 49] LinuxClient, [00000181389D2100][000001813955E640 49] LinuxAArch64Client, [000001813899BF00][00000181395667C0 49] LinuxServer, [00000181389D0400][000001813956A940 49] LinuxAArch64Server, [000001813899BA00][000001813956EAC0 49] Android, [00000181389D0F00][0000018134680C40 49] Android_Low, [000001813899A700][00000181346A8DC0 49] Android_Mid, [00000181389D0500][00000181346ACF40 49] Android_High, [0000018138999100][00000181346B10C0 49] Android_Default, [00000181389D3E00][00000181346B5240 49] Android_Adreno4xx, [000001813899BE00][00000181346BD3C0 49] Android_Adreno5xx_Low, [00000181389D3200][00000181346C1540 49] Android_Adreno5xx, [0000018138999600][00000181346C56C0 49] Android_Adreno6xx, [00000181389D3B00][00000181346C9840 49] Android_Adreno6xx_Vulkan, [000001813899A900][000001813445B980 49] Android_Mali_T6xx, [00000181389D1E00][00000181346CDAC0 49] Android_Mali_T7xx, [0000018138998100][00000181346D5C00 49] Android_Mali_T8xx, [00000181389D2500][00000181346D81C0 49] Android_Mali_G71, [0000018138999300][00000181346E0340 49] Android_Mali_G72, [00000181389D1100][00000181346FC4C0 49] Android_Mali_G72_Vulkan, [000001813899AA00][0000018134700640 49] Android_Mali_G76, [00000181389D1A00][00000181347047C0 49] Android_Mali_G76_Vulkan, [000001813899B600][000001813470C940 49] Android_Mali_G77, [00000181389D2E00][0000018134710AC0 49] Android_Mali_G77_Vulkan, [0000018138999F00][0000018134714C40 49] Android_Mali_G78, [00000181389D3F00][0000018134718DC0 49] Android_Mali_G78_Vulkan, [000001813899A500][0000018134720F40 49] Android_Mali_G710, [00000181389D1900][00000181347250C0 49] Android_Mali_G710_Vulkan, [0000018138998E00][0000018134729240 49] Android_Vulkan_SM5, [00000181389D2700][00000181347313C0 49] Android_PowerVR_G6xxx, [0000018138999A00][0000018134735540 49] Android_PowerVR_GT7xxx, [00000181389D3100][00000181347396C0 49] Android_PowerVR_GE8xxx, [0000018138998A00][000001813473D840 49] Android_PowerVR_GM9xxx, [0000018138AB9100][00000181347419C0 49] Android_PowerVR_GM9xxx_Vulkan, [0000018138A57C00][00000181346DDB00 49] Android_TegraK1, [0000018138AB9600][00000181347500C0 49] Android_Unknown_Vulkan, [0000018138A56500][0000018134754200 49] Lumin, [0000018138AB8A00][0000018134758340 49] Lumin_Desktop, [0000018138A54400][00000181347604C0 49] HoloLens, 
[2022.04.06-06.47.38:084][  0]LogMaterial: Display: Missing cached shadermap for WorldGridMaterial in PCD3D_SM5, Default, SM5 (DDC key hash: 2627E7E1F12FF6B55B9146CE24328DC39D086E9D), compiling. Is special engine material.
[2022.04.06-06.47.39:281][  0]LogShaderCompilers: Display: Submitted 1388 shader compile jobs with 'High' priority
[2022.04.06-06.47.39:836][  0]LogShaderCompilers: Display: Started 1388 'XGE' shader compile jobs with 'High' priority
