Log file open, 04/06/22 02:09:31
LogWindows: Failed to load 'aqProf.dll' (GetLastError=126)
LogWindows: File 'aqProf.dll' does not exist
LogWindows: Failed to load 'VtuneApi.dll' (GetLastError=126)
LogWindows: File 'VtuneApi.dll' does not exist
LogWindows: Failed to load 'VtuneApi32e.dll' (GetLastError=126)
LogWindows: File 'VtuneApi32e.dll' does not exist
LogConsoleResponse: Display: Failed to find resolution value strings in scalability ini. Falling back to default.
LogConsoleResponse: Display: Failed to find resolution value strings in scalability ini. Falling back to default.
LogInit: Display: Running engine for game: BlindGame
LogPlatformFile: Not using cached read wrapper
LogTaskGraph: Started task graph with 5 named threads and 26 total threads with 3 sets of task threads.
LogStats: Stats thread started at 1.691553
LogICUInternationalization: ICU TimeZone Detection - Raw Offset: -5:00, Platform Override: ''
LogInit: Display: Loading text-based GConfig....
LogPluginManager: Mounting plugin MeshPainting
LogPluginManager: Mounting plugin XGEController
LogPluginManager: Mounting plugin Paper2D
LogPluginManager: Mounting plugin LightPropagationVolume
LogPluginManager: Mounting plugin EnvironmentQueryEditor
LogPluginManager: Mounting plugin LiveLink
LogPluginManager: Mounting plugin AISupport
LogPluginManager: Mounting plugin CameraShakePreviewer
LogPluginManager: Mounting plugin GameplayCameras
LogPluginManager: Mounting plugin AnimationSharing
LogPluginManager: Mounting plugin CLionSourceCodeAccess
LogPluginManager: Mounting plugin KDevelopSourceCodeAccess
LogPluginManager: Mounting plugin CodeLiteSourceCodeAccess
LogPluginManager: Mounting plugin GitSourceControl
LogPluginManager: Mounting plugin NullSourceCodeAccess
LogPluginManager: Mounting plugin OodleData
LogPluginManager: Mounting plugin PerforceSourceControl
LogPluginManager: Mounting plugin OodleNetwork
LogPluginManager: Mounting plugin PlasticSourceControl
LogPluginManager: Mounting plugin PixWinPlugin
LogPluginManager: Mounting plugin PropertyAccessNode
LogPluginManager: Mounting plugin PluginUtils
LogPluginManager: Mounting plugin TextureFormatOodle
LogPluginManager: Mounting plugin SubversionSourceControl
LogPluginManager: Mounting plugin RiderSourceCodeAccess
LogPluginManager: Mounting plugin AssetManagerEditor
LogPluginManager: Mounting plugin BlueprintMaterialTextureNodes
LogPluginManager: Mounting plugin DatasmithContent
LogPluginManager: Mounting plugin VisualStudioCodeSourceCodeAccess
LogPluginManager: Mounting plugin VisualStudioSourceCodeAccess
LogPluginManager: Mounting plugin XCodeSourceCodeAccess
LogPluginManager: Mounting plugin UObjectPlugin
LogPluginManager: Mounting plugin CryptoKeys
LogPluginManager: Mounting plugin CurveEditorTools
LogPluginManager: Mounting plugin DataValidation
LogPluginManager: Mounting plugin FacialAnimation
LogPluginManager: Mounting plugin VariantManagerContent
LogPluginManager: Mounting plugin GameplayTagsEditor
LogPluginManager: Mounting plugin GeometryMode
LogPluginManager: Mounting plugin MacGraphicsSwitching
LogPluginManager: Mounting plugin MaterialAnalyzer
LogPluginManager: Mounting plugin AlembicImporter
LogPluginManager: Mounting plugin PluginBrowser
LogPluginManager: Mounting plugin MobileLauncherProfileWizard
LogPluginManager: Mounting plugin SpeedTreeImporter
LogPluginManager: Mounting plugin AutomationUtils
LogPluginManager: Mounting plugin BackChannel
LogPluginManager: Mounting plugin ChaosCloth
LogPluginManager: Mounting plugin ChaosClothEditor
LogPluginManager: Mounting plugin ChaosEditor
LogPluginManager: Mounting plugin ChaosNiagara
LogPluginManager: Mounting plugin ChaosSolverPlugin
LogPluginManager: Mounting plugin CharacterAI
LogPluginManager: Mounting plugin GeometryCollectionPlugin
LogPluginManager: Mounting plugin GeometryCache
LogPluginManager: Mounting plugin GeometryProcessing
LogPluginManager: Mounting plugin Landmass
LogPluginManager: Mounting plugin OpenImageDenoise
LogPluginManager: Mounting plugin MotoSynth
LogPluginManager: Mounting plugin PlanarCut
LogPluginManager: Mounting plugin ProxyLODPlugin
LogPluginManager: Mounting plugin PlatformCrypto
LogPluginManager: Mounting plugin PythonScriptPlugin
LogPluginManager: Mounting plugin SkeletalReduction
LogPluginManager: Mounting plugin Niagara
LogPluginManager: Mounting plugin Water
LogPluginManager: Mounting plugin LuminPlatformFeatures
LogPluginManager: Mounting plugin MagicLeap
LogPluginManager: Mounting plugin MagicLeapLightEstimation
LogPluginManager: Mounting plugin MagicLeapMedia
LogPluginManager: Mounting plugin MagicLeapPassableWorld
LogPluginManager: Mounting plugin AndroidMedia
LogPluginManager: Mounting plugin MLSDK
LogPluginManager: Mounting plugin AvfMedia
LogPluginManager: Mounting plugin ImgMedia
LogPluginManager: Mounting plugin MediaCompositing
LogPluginManager: Mounting plugin MediaPlayerEditor
LogPluginManager: Mounting plugin WebMMedia
LogPluginManager: Mounting plugin WmfMedia
LogPluginManager: Mounting plugin TcpMessaging
LogPluginManager: Mounting plugin UdpMessaging
LogPluginManager: Mounting plugin ActorSequence
LogPluginManager: Mounting plugin LevelSequenceEditor
LogPluginManager: Mounting plugin MatineeToLevelSequence
LogPluginManager: Mounting plugin TemplateSequence
LogPluginManager: Mounting plugin OnlineSubsystem
LogPluginManager: Mounting plugin OnlineSubsystemNull
LogPluginManager: Mounting plugin OnlineSubsystemUtils
LogPluginManager: Mounting plugin LauncherChunkInstaller
LogPluginManager: Mounting plugin ActorLayerUtilities
LogPluginManager: Mounting plugin AndroidDeviceProfileSelector
LogPluginManager: Mounting plugin AndroidMoviePlayer
LogPluginManager: Mounting plugin AndroidPermission
LogPluginManager: Mounting plugin AppleMoviePlayer
LogPluginManager: Mounting plugin AppleImageUtils
LogPluginManager: Mounting plugin ArchVisCharacter
LogPluginManager: Mounting plugin AssetTags
LogPluginManager: Mounting plugin AudioCapture
LogPluginManager: Mounting plugin AudioSynesthesia
LogPluginManager: Mounting plugin CableComponent
LogPluginManager: Mounting plugin ChunkDownloader
LogPluginManager: Mounting plugin CustomMeshComponent
LogPluginManager: Mounting plugin EditableMesh
LogPluginManager: Mounting plugin ExampleDeviceProfileSelector
LogPluginManager: Mounting plugin GooglePAD
LogPluginManager: Mounting plugin GoogleCloudMessaging
LogPluginManager: Mounting plugin IOSDeviceProfileSelector
LogPluginManager: Mounting plugin LinuxDeviceProfileSelector
LogPluginManager: Mounting plugin LocationServicesBPLibrary
LogPluginManager: Mounting plugin MobilePatchingUtils
LogPluginManager: Mounting plugin OpenXR
LogPluginManager: Mounting plugin OpenXREyeTracker
LogPluginManager: Mounting plugin OpenXRHandTracking
LogPluginManager: Mounting plugin PhysXVehicles
LogPluginManager: Mounting plugin PostSplashScreen
LogPluginManager: Mounting plugin ProceduralMeshComponent
LogPluginManager: Mounting plugin PropertyAccessEditor
LogPluginManager: Mounting plugin RuntimePhysXCooking
LogPluginManager: Mounting plugin SignificanceManager
LogPluginManager: Mounting plugin SoundFields
LogPluginManager: Mounting plugin Synthesis
LogPluginManager: Mounting plugin WebMMoviePlayer
LogPluginManager: Mounting plugin WindowsMoviePlayer
LogPluginManager: Mounting plugin ScreenshotTools
LogPluginManager: Mounting plugin Takes
LogPluginManager: Mounting plugin ContentBrowserAssetDataSource
LogPluginManager: Mounting plugin ContentBrowserClassDataSource
LogPluginManager: Mounting plugin ContentBrowserFileDataSource
LogPluginManager: Mounting plugin OnlineSubsystemGooglePlay
LogPluginManager: Mounting plugin OnlineSubsystemIOS
LogPluginManager: Mounting plugin OculusVR
LogPluginManager: Mounting plugin SteamVR
PixWinPlugin: PIX capture plugin failed to initialize! Check that the process is launched from PIX.
LogInit: Using libcurl 7.55.1-DEV
LogInit:  - built for x86_64-pc-win32
LogInit:  - supports SSL with OpenSSL/1.1.1
LogInit:  - supports HTTP deflate (compression) using libz 1.2.8
LogInit:  - other features:
LogInit:      CURL_VERSION_SSL
LogInit:      CURL_VERSION_LIBZ
LogInit:      CURL_VERSION_IPV6
LogInit:      CURL_VERSION_ASYNCHDNS
LogInit:      CURL_VERSION_LARGEFILE
LogInit:      CURL_VERSION_IDN
LogInit:  CurlRequestOptions (configurable via config and command line):
LogInit:  - bVerifyPeer = true  - Libcurl will verify peer certificate
LogInit:  - bUseHttpProxy = false  - Libcurl will NOT use HTTP proxy
LogInit:  - bDontReuseConnections = false  - Libcurl will reuse connections
LogInit:  - MaxHostConnections = 16  - Libcurl will limit the number of connections to a host
LogInit:  - LocalHostAddr = Default
LogInit:  - BufferSize = 65536
LogOnline: OSS: Creating online subsystem instance for: NULL
LogInit: WinSock: version 1.1 (2.2), MaxSocks=32767, MaxUdp=65467
LogOnline: OSS: TryLoadSubsystemAndSetDefault: Loaded subsystem for module [NULL]
LogOculusPluginWrapper: OculusPlugin initialized successfully
LogHMD: Failed initializing OVRPlugin 1.59.0
LogInit: Build: ++UE4+Release-4.27-CL-18319896
LogInit: Engine Version: 4.27.2-18319896+++UE4+Release-4.27
LogInit: Compatible Engine Version: 4.27.0-17155196+++UE4+Release-4.27
LogInit: Net CL: 17155196
LogInit: OS: Windows 10 (Release 2009) (), CPU: Intel(R) Core(TM) i7-9700K CPU @ 3.60GHz, GPU: NVIDIA GeForce RTX 2070
LogInit: Compiled (64-bit): Nov 30 2021 07:12:08
LogInit: Compiled with Visual C++: 19.24.28315.00
LogInit: Build Configuration: Development
LogInit: Branch Name: ++UE4+Release-4.27
LogInit: Command Line: 
LogInit: Base Directory: D:/Games/UE_4.27/Engine/Binaries/Win64/
LogInit: Allocator: TBB
LogInit: Installed Engine Build: 1
LogDevObjectVersion: Number of dev versions registered: 29
LogDevObjectVersion:   Dev-Blueprints (B0D832E4-1F89-4F0D-ACCF-7EB736FD4AA2): 10
LogDevObjectVersion:   Dev-Build (E1C64328-A22C-4D53-A36C-8E866417BD8C): 0
LogDevObjectVersion:   Dev-Core (375EC13C-06E4-48FB-B500-84F0262A717E): 4
LogDevObjectVersion:   Dev-Editor (E4B068ED-F494-42E9-A231-DA0B2E46BB41): 40
LogDevObjectVersion:   Dev-Framework (CFFC743F-43B0-4480-9391-14DF171D2073): 37
LogDevObjectVersion:   Dev-Mobile (B02B49B5-BB20-44E9-A304-32B752E40360): 3
LogDevObjectVersion:   Dev-Networking (A4E4105C-59A1-49B5-A7C5-40C4547EDFEE): 0
LogDevObjectVersion:   Dev-Online (39C831C9-5AE6-47DC-9A44-9C173E1C8E7C): 0
LogDevObjectVersion:   Dev-Physics (78F01B33-EBEA-4F98-B9B4-84EACCB95AA2): 14
LogDevObjectVersion:   Dev-Platform (6631380F-2D4D-43E0-8009-CF276956A95A): 0
LogDevObjectVersion:   Dev-Rendering (12F88B9F-8875-4AFC-A67C-D90C383ABD29): 45
LogDevObjectVersion:   Dev-Sequencer (7B5AE74C-D270-4C10-A958-57980B212A5A): 13
LogDevObjectVersion:   Dev-VR (D7296918-1DD6-4BDD-9DE2-64A83CC13884): 3
LogDevObjectVersion:   Dev-LoadTimes (C2A15278-BFE7-4AFE-6C17-90FF531DF755): 1
LogDevObjectVersion:   Private-Geometry (6EACA3D4-40EC-4CC1-B786-8BED09428FC5): 3
LogDevObjectVersion:   Dev-AnimPhys (29E575DD-E0A3-4627-9D10-D276232CDCEA): 17
LogDevObjectVersion:   Dev-Anim (AF43A65D-7FD3-4947-9873-3E8ED9C1BB05): 15
LogDevObjectVersion:   Dev-ReflectionCapture (6B266CEC-1EC7-4B8F-A30B-E4D90942FC07): 1
LogDevObjectVersion:   Dev-Automation (0DF73D61-A23F-47EA-B727-89E90C41499A): 1
LogDevObjectVersion:   FortniteMain (601D1886-AC64-4F84-AA16-D3DE0DEAC7D6): 47
LogDevObjectVersion:   FortniteRelease (E7086368-6B23-4C58-8439-1B7016265E91): 1
LogDevObjectVersion:   Dev-Enterprise (9DFFBCD6-494F-0158-E221-12823C92A888): 10
LogDevObjectVersion:   Dev-Niagara (F2AED0AC-9AFE-416F-8664-AA7FFA26D6FC): 1
LogDevObjectVersion:   Dev-Destruction (174F1F0B-B4C6-45A5-B13F-2EE8D0FB917D): 10
LogDevObjectVersion:   Dev-Physics-Ext (35F94A83-E258-406C-A318-09F59610247C): 41
LogDevObjectVersion:   Dev-PhysicsMaterial-Chaos (B68FC16E-8B1B-42E2-B453-215C058844FE): 1
LogDevObjectVersion:   Dev-CineCamera (B2E18506-4273-CFC2-A54E-F4BB758BBA07): 1
LogDevObjectVersion:   Dev-VirtualProduction (64F58936-FD1B-42BA-BA96-7289D5D0FA4E): 1
LogDevObjectVersion:   Dev-MediaFramework (6F0ED827-A609-4895-9C91-998D90180EA4): 2
LogInit: Presizing for max 25165824 objects, including 0 objects not considered by GC, pre-allocating 0 bytes for permanent pool.
LogConfig: Applying CVar settings from Section [/Script/Engine.StreamingSettings] File [C:/Users/Nino/Documents/Blind-Game/BlindGame/Saved/Config/Windows/Engine.ini]
LogConfig: Setting CVar [[s.MinBulkDataSizeForAsyncLoading:131072]]
LogConfig: Setting CVar [[s.AsyncLoadingThreadEnabled:0]]
LogConfig: Setting CVar [[s.EventDrivenLoaderEnabled:1]]
LogConfig: Setting CVar [[s.WarnIfTimeLimitExceeded:0]]
LogConfig: Setting CVar [[s.TimeLimitExceededMultiplier:1.5]]
LogConfig: Setting CVar [[s.TimeLimitExceededMinTime:0.005]]
LogConfig: Setting CVar [[s.UseBackgroundLevelStreaming:1]]
LogConfig: Setting CVar [[s.PriorityAsyncLoadingExtraTime:15.0]]
LogConfig: Setting CVar [[s.LevelStreamingActorsUpdateTimeLimit:5.0]]
LogConfig: Setting CVar [[s.PriorityLevelStreamingActorsUpdateExtraTime:5.0]]
LogConfig: Setting CVar [[s.LevelStreamingComponentsRegistrationGranularity:10]]
LogConfig: Setting CVar [[s.UnregisterComponentsTimeLimit:1.0]]
LogConfig: Setting CVar [[s.LevelStreamingComponentsUnregistrationGranularity:5]]
LogConfig: Setting CVar [[s.FlushStreamingOnExit:1]]
LogInit: Object subsystem initialized
LogConfig: Setting CVar [[con.DebugEarlyDefault:1]]
LogConfig: Setting CVar [[r.setres:1280x720]]
LogConfig: Setting CVar [[fx.NiagaraAllowRuntimeScalabilityChanges:1]]
[2022.04.06-06.09.32:539][  0]LogConfig: Setting CVar [[r.VSync:0]]
[2022.04.06-06.09.32:539][  0]LogConfig: Setting CVar [[r.RHICmdBypass:0]]
[2022.04.06-06.09.32:539][  0]LogConfig: Applying CVar settings from Section [/Script/Engine.RendererSettings] File [C:/Users/Nino/Documents/Blind-Game/BlindGame/Saved/Config/Windows/Engine.ini]
[2022.04.06-06.09.32:539][  0]LogConfig: Setting CVar [[r.GPUCrashDebugging:0]]
[2022.04.06-06.09.32:539][  0]LogConfig: Setting CVar [[r.VirtualTextures:1]]
[2022.04.06-06.09.32:539][  0]LogConfig: Applying CVar settings from Section [/Script/Engine.RendererOverrideSettings] File [C:/Users/Nino/Documents/Blind-Game/BlindGame/Saved/Config/Windows/Engine.ini]
[2022.04.06-06.09.32:539][  0]LogConfig: Applying CVar settings from Section [/Script/Engine.StreamingSettings] File [C:/Users/Nino/Documents/Blind-Game/BlindGame/Saved/Config/Windows/Engine.ini]
[2022.04.06-06.09.32:539][  0]LogConfig: Setting CVar [[s.MinBulkDataSizeForAsyncLoading:131072]]
[2022.04.06-06.09.32:539][  0]LogConfig: Setting CVar [[s.AsyncLoadingThreadEnabled:0]]
[2022.04.06-06.09.32:539][  0]LogConfig: Setting CVar [[s.EventDrivenLoaderEnabled:1]]
[2022.04.06-06.09.32:539][  0]LogConfig: Setting CVar [[s.WarnIfTimeLimitExceeded:0]]
[2022.04.06-06.09.32:539][  0]LogConfig: Setting CVar [[s.TimeLimitExceededMultiplier:1.5]]
[2022.04.06-06.09.32:539][  0]LogConfig: Setting CVar [[s.TimeLimitExceededMinTime:0.005]]
[2022.04.06-06.09.32:539][  0]LogConfig: Setting CVar [[s.UseBackgroundLevelStreaming:1]]
[2022.04.06-06.09.32:539][  0]LogConfig: Setting CVar [[s.PriorityAsyncLoadingExtraTime:15.0]]
[2022.04.06-06.09.32:539][  0]LogConfig: Setting CVar [[s.LevelStreamingActorsUpdateTimeLimit:5.0]]
[2022.04.06-06.09.32:539][  0]LogConfig: Setting CVar [[s.PriorityLevelStreamingActorsUpdateExtraTime:5.0]]
[2022.04.06-06.09.32:539][  0]LogConfig: Setting CVar [[s.LevelStreamingComponentsRegistrationGranularity:10]]
[2022.04.06-06.09.32:539][  0]LogConfig: Setting CVar [[s.UnregisterComponentsTimeLimit:1.0]]
[2022.04.06-06.09.32:539][  0]LogConfig: Setting CVar [[s.LevelStreamingComponentsUnregistrationGranularity:5]]
[2022.04.06-06.09.32:539][  0]LogConfig: Setting CVar [[s.FlushStreamingOnExit:1]]
[2022.04.06-06.09.32:539][  0]LogConfig: Applying CVar settings from Section [/Script/Engine.GarbageCollectionSettings] File [C:/Users/Nino/Documents/Blind-Game/BlindGame/Saved/Config/Windows/Engine.ini]
[2022.04.06-06.09.32:539][  0]LogConfig: Setting CVar [[gc.MaxObjectsNotConsideredByGC:1]]
[2022.04.06-06.09.32:539][  0]LogConfig: Setting CVar [[gc.SizeOfPermanentObjectPool:0]]
[2022.04.06-06.09.32:539][  0]LogConfig: Setting CVar [[gc.FlushStreamingOnGC:0]]
[2022.04.06-06.09.32:539][  0]LogConfig: Setting CVar [[gc.NumRetriesBeforeForcingGC:10]]
[2022.04.06-06.09.32:539][  0]LogConfig: Setting CVar [[gc.AllowParallelGC:1]]
[2022.04.06-06.09.32:539][  0]LogConfig: Setting CVar [[gc.TimeBetweenPurgingPendingKillObjects:61.1]]
[2022.04.06-06.09.32:539][  0]LogConfig: Setting CVar [[gc.MaxObjectsInEditor:25165824]]
[2022.04.06-06.09.32:539][  0]LogConfig: Setting CVar [[gc.IncrementalBeginDestroyEnabled:1]]
[2022.04.06-06.09.32:539][  0]LogConfig: Setting CVar [[gc.CreateGCClusters:1]]
[2022.04.06-06.09.32:539][  0]LogConfig: Setting CVar [[gc.MinGCClusterSize:5]]
[2022.04.06-06.09.32:539][  0]LogConfig: Setting CVar [[gc.ActorClusteringEnabled:0]]
[2022.04.06-06.09.32:539][  0]LogConfig: Setting CVar [[gc.BlueprintClusteringEnabled:0]]
[2022.04.06-06.09.32:539][  0]LogConfig: Setting CVar [[gc.UseDisregardForGCOnDedicatedServers:0]]
[2022.04.06-06.09.32:539][  0]LogConfig: Setting CVar [[gc.MultithreadedDestructionEnabled:1]]
[2022.04.06-06.09.32:539][  0]LogConfig: Applying CVar settings from Section [/Script/Engine.NetworkSettings] File [C:/Users/Nino/Documents/Blind-Game/BlindGame/Saved/Config/Windows/Engine.ini]
[2022.04.06-06.09.32:539][  0]LogConfig: Applying CVar settings from Section [/Script/UnrealEd.CookerSettings] File [C:/Users/Nino/Documents/Blind-Game/BlindGame/Saved/Config/Windows/Engine.ini]
[2022.04.06-06.09.32:562][  0]LogConfig: Applying CVar settings from Section [ViewDistanceQuality@3] File [C:/Users/Nino/Documents/Blind-Game/BlindGame/Saved/Config/Windows/Scalability.ini]
[2022.04.06-06.09.32:562][  0]LogConfig: Setting CVar [[r.SkeletalMeshLODBias:0]]
[2022.04.06-06.09.32:562][  0]LogConfig: Setting CVar [[r.ViewDistanceScale:1.0]]
[2022.04.06-06.09.32:562][  0]LogConfig: Applying CVar settings from Section [AntiAliasingQuality@3] File [C:/Users/Nino/Documents/Blind-Game/BlindGame/Saved/Config/Windows/Scalability.ini]
[2022.04.06-06.09.32:562][  0]LogConfig: Setting CVar [[r.PostProcessAAQuality:4]]
[2022.04.06-06.09.32:562][  0]LogConfig: Applying CVar settings from Section [ShadowQuality@3] File [C:/Users/Nino/Documents/Blind-Game/BlindGame/Saved/Config/Windows/Scalability.ini]
[2022.04.06-06.09.32:562][  0]LogConfig: Setting CVar [[r.LightFunctionQuality:1]]
[2022.04.06-06.09.32:562][  0]LogConfig: Setting CVar [[r.ShadowQuality:5]]
[2022.04.06-06.09.32:562][  0]LogConfig: Setting CVar [[r.Shadow.CSM.MaxCascades:10]]
[2022.04.06-06.09.32:562][  0]LogConfig: Setting CVar [[r.Shadow.MaxResolution:2048]]
[2022.04.06-06.09.32:562][  0]LogConfig: Setting CVar [[r.Shadow.MaxCSMResolution:2048]]
[2022.04.06-06.09.32:562][  0]LogConfig: Setting CVar [[r.Shadow.RadiusThreshold:0.01]]
[2022.04.06-06.09.32:562][  0]LogConfig: Setting CVar [[r.Shadow.DistanceScale:1.0]]
[2022.04.06-06.09.32:562][  0]LogConfig: Setting CVar [[r.Shadow.CSM.TransitionScale:1.0]]
[2022.04.06-06.09.32:562][  0]LogConfig: Setting CVar [[r.Shadow.PreShadowResolutionFactor:1.0]]
[2022.04.06-06.09.32:562][  0]LogConfig: Setting CVar [[r.DistanceFieldShadowing:1]]
[2022.04.06-06.09.32:562][  0]LogConfig: Setting CVar [[r.DistanceFieldAO:1]]
[2022.04.06-06.09.32:562][  0]LogConfig: Setting CVar [[r.AOQuality:2]]
[2022.04.06-06.09.32:562][  0]LogConfig: Setting CVar [[r.VolumetricFog:1]]
[2022.04.06-06.09.32:562][  0]LogConfig: Setting CVar [[r.VolumetricFog.GridPixelSize:8]]
[2022.04.06-06.09.32:562][  0]LogConfig: Setting CVar [[r.VolumetricFog.GridSizeZ:128]]
[2022.04.06-06.09.32:562][  0]LogConfig: Setting CVar [[r.VolumetricFog.HistoryMissSupersampleCount:4]]
[2022.04.06-06.09.32:562][  0]LogConfig: Setting CVar [[r.LightMaxDrawDistanceScale:1]]
[2022.04.06-06.09.32:562][  0]LogConfig: Setting CVar [[r.CapsuleShadows:1]]
[2022.04.06-06.09.32:562][  0]LogConfig: Applying CVar settings from Section [PostProcessQuality@3] File [C:/Users/Nino/Documents/Blind-Game/BlindGame/Saved/Config/Windows/Scalability.ini]
[2022.04.06-06.09.32:562][  0]LogConfig: Setting CVar [[r.MotionBlurQuality:4]]
[2022.04.06-06.09.32:562][  0]LogConfig: Setting CVar [[r.AmbientOcclusionMipLevelFactor:0.4]]
[2022.04.06-06.09.32:563][  0]LogConfig: Setting CVar [[r.AmbientOcclusionMaxQuality:100]]
[2022.04.06-06.09.32:563][  0]LogConfig: Setting CVar [[r.AmbientOcclusionLevels:-1]]
[2022.04.06-06.09.32:563][  0]LogConfig: Setting CVar [[r.AmbientOcclusionRadiusScale:1.0]]
[2022.04.06-06.09.32:563][  0]LogConfig: Setting CVar [[r.DepthOfFieldQuality:2]]
[2022.04.06-06.09.32:563][  0]LogConfig: Setting CVar [[r.RenderTargetPoolMin:400]]
[2022.04.06-06.09.32:563][  0]LogConfig: Setting CVar [[r.LensFlareQuality:2]]
[2022.04.06-06.09.32:563][  0]LogConfig: Setting CVar [[r.SceneColorFringeQuality:1]]
[2022.04.06-06.09.32:563][  0]LogConfig: Setting CVar [[r.EyeAdaptationQuality:2]]
[2022.04.06-06.09.32:563][  0]LogConfig: Setting CVar [[r.BloomQuality:5]]
[2022.04.06-06.09.32:563][  0]LogConfig: Setting CVar [[r.FastBlurThreshold:100]]
[2022.04.06-06.09.32:563][  0]LogConfig: Setting CVar [[r.Upscale.Quality:3]]
[2022.04.06-06.09.32:563][  0]LogConfig: Setting CVar [[r.Tonemapper.GrainQuantization:1]]
[2022.04.06-06.09.32:563][  0]LogConfig: Setting CVar [[r.LightShaftQuality:1]]
[2022.04.06-06.09.32:563][  0]LogConfig: Setting CVar [[r.Filter.SizeScale:1]]
[2022.04.06-06.09.32:563][  0]LogConfig: Setting CVar [[r.Tonemapper.Quality:5]]
[2022.04.06-06.09.32:563][  0]LogConfig: Setting CVar [[r.DOF.Gather.AccumulatorQuality:1        ; higher gathering accumulator quality]]
[2022.04.06-06.09.32:563][  0]LogConfig: Setting CVar [[r.DOF.Gather.PostfilterMethod:1          ; Median3x3 postfilering method]]
[2022.04.06-06.09.32:563][  0]LogConfig: Setting CVar [[r.DOF.Gather.EnableBokehSettings:0       ; no bokeh simulation when gathering]]
[2022.04.06-06.09.32:563][  0]LogConfig: Setting CVar [[r.DOF.Gather.RingCount:4                 ; medium number of samples when gathering]]
[2022.04.06-06.09.32:563][  0]LogConfig: Setting CVar [[r.DOF.Scatter.ForegroundCompositing:1    ; additive foreground scattering]]
[2022.04.06-06.09.32:563][  0]LogConfig: Setting CVar [[r.DOF.Scatter.BackgroundCompositing:2    ; additive background scattering]]
[2022.04.06-06.09.32:563][  0]LogConfig: Setting CVar [[r.DOF.Scatter.EnableBokehSettings:1      ; bokeh simulation when scattering]]
[2022.04.06-06.09.32:563][  0]LogConfig: Setting CVar [[r.DOF.Scatter.MaxSpriteRatio:0.1         ; only a maximum of 10% of scattered bokeh]]
[2022.04.06-06.09.32:563][  0]LogConfig: Setting CVar [[r.DOF.Recombine.Quality:1                ; cheap slight out of focus]]
[2022.04.06-06.09.32:563][  0]LogConfig: Setting CVar [[r.DOF.Recombine.EnableBokehSettings:0    ; no bokeh simulation on slight out of focus]]
[2022.04.06-06.09.32:563][  0]LogConfig: Setting CVar [[r.DOF.TemporalAAQuality:1                ; more stable temporal accumulation]]
[2022.04.06-06.09.32:563][  0]LogConfig: Setting CVar [[r.DOF.Kernel.MaxForegroundRadius:0.025]]
[2022.04.06-06.09.32:563][  0]LogConfig: Setting CVar [[r.DOF.Kernel.MaxBackgroundRadius:0.025]]
[2022.04.06-06.09.32:563][  0]LogConfig: Applying CVar settings from Section [TextureQuality@3] File [C:/Users/Nino/Documents/Blind-Game/BlindGame/Saved/Config/Windows/Scalability.ini]
[2022.04.06-06.09.32:563][  0]LogConfig: Setting CVar [[r.Streaming.MipBias:0]]
[2022.04.06-06.09.32:563][  0]LogConfig: Setting CVar [[r.Streaming.AmortizeCPUToGPUCopy:0]]
[2022.04.06-06.09.32:563][  0]LogConfig: Setting CVar [[r.Streaming.MaxNumTexturesToStreamPerFrame:0]]
[2022.04.06-06.09.32:563][  0]LogConfig: Setting CVar [[r.Streaming.Boost:1]]
[2022.04.06-06.09.32:563][  0]LogConfig: Setting CVar [[r.MaxAnisotropy:8]]
[2022.04.06-06.09.32:563][  0]LogConfig: Setting CVar [[r.VT.MaxAnisotropy:8]]
[2022.04.06-06.09.32:563][  0]LogConfig: Setting CVar [[r.Streaming.LimitPoolSizeToVRAM:0]]
[2022.04.06-06.09.32:563][  0]LogConfig: Setting CVar [[r.Streaming.PoolSize:1000]]
[2022.04.06-06.09.32:563][  0]LogConfig: Setting CVar [[r.Streaming.MaxEffectiveScreenSize:0]]
[2022.04.06-06.09.32:563][  0]LogConfig: Applying CVar settings from Section [EffectsQuality@3] File [C:/Users/Nino/Documents/Blind-Game/BlindGame/Saved/Config/Windows/Scalability.ini]
[2022.04.06-06.09.32:563][  0]LogConfig: Setting CVar [[r.TranslucencyLightingVolumeDim:64]]
[2022.04.06-06.09.32:563][  0]LogConfig: Setting CVar [[r.RefractionQuality:2]]
[2022.04.06-06.09.32:563][  0]LogConfig: Setting CVar [[r.SSR.Quality:3]]
[2022.04.06-06.09.32:563][  0]LogConfig: Setting CVar [[r.SSR.HalfResSceneColor:0]]
[2022.04.06-06.09.32:563][  0]LogConfig: Setting CVar [[r.SceneColorFormat:4]]
[2022.04.06-06.09.32:563][  0]LogConfig: Setting CVar [[r.DetailMode:2]]
[2022.04.06-06.09.32:563][  0]LogConfig: Setting CVar [[r.TranslucencyVolumeBlur:1]]
[2022.04.06-06.09.32:563][  0]LogConfig: Setting CVar [[r.MaterialQualityLevel:1 ; High quality]]
[2022.04.06-06.09.32:563][  0]LogConfig: Setting CVar [[r.AnisotropicMaterials:1]]
[2022.04.06-06.09.32:563][  0]LogConfig: Setting CVar [[r.SSS.Scale:1]]
[2022.04.06-06.09.32:563][  0]LogConfig: Setting CVar [[r.SSS.SampleSet:2]]
[2022.04.06-06.09.32:563][  0]LogConfig: Setting CVar [[r.SSS.Quality:1]]
[2022.04.06-06.09.32:563][  0]LogConfig: Setting CVar [[r.SSS.HalfRes:0]]
[2022.04.06-06.09.32:563][  0]LogConfig: Setting CVar [[r.SSGI.Quality:3]]
[2022.04.06-06.09.32:563][  0]LogConfig: Setting CVar [[r.EmitterSpawnRateScale:1.0]]
[2022.04.06-06.09.32:563][  0]LogConfig: Setting CVar [[r.ParticleLightQuality:2]]
[2022.04.06-06.09.32:563][  0]LogConfig: Setting CVar [[r.SkyAtmosphere.AerialPerspectiveLUT.FastApplyOnOpaque:1 ; Always have FastSkyLUT 1 in this case to avoid wrong sky]]
[2022.04.06-06.09.32:563][  0]LogConfig: Setting CVar [[r.SkyAtmosphere.AerialPerspectiveLUT.SampleCountMaxPerSlice:4]]
[2022.04.06-06.09.32:563][  0]LogConfig: Setting CVar [[r.SkyAtmosphere.AerialPerspectiveLUT.DepthResolution:16.0]]
[2022.04.06-06.09.32:563][  0]LogConfig: Setting CVar [[r.SkyAtmosphere.FastSkyLUT:1]]
[2022.04.06-06.09.32:563][  0]LogConfig: Setting CVar [[r.SkyAtmosphere.FastSkyLUT.SampleCountMin:4.0]]
[2022.04.06-06.09.32:563][  0]LogConfig: Setting CVar [[r.SkyAtmosphere.FastSkyLUT.SampleCountMax:128.0]]
[2022.04.06-06.09.32:563][  0]LogConfig: Setting CVar [[r.SkyAtmosphere.SampleCountMin:4.0]]
[2022.04.06-06.09.32:563][  0]LogConfig: Setting CVar [[r.SkyAtmosphere.SampleCountMax:128.0]]
[2022.04.06-06.09.32:563][  0]LogConfig: Setting CVar [[r.SkyAtmosphere.TransmittanceLUT.UseSmallFormat:0]]
[2022.04.06-06.09.32:563][  0]LogConfig: Setting CVar [[r.SkyAtmosphere.TransmittanceLUT.SampleCount:10.0]]
[2022.04.06-06.09.32:563][  0]LogConfig: Setting CVar [[r.SkyAtmosphere.MultiScatteringLUT.SampleCount:15.0]]
[2022.04.06-06.09.32:563][  0]LogConfig: Setting CVar [[r.SkyLight.RealTimeReflectionCapture:1]]
[2022.04.06-06.09.32:563][  0]LogConfig: Setting CVar [[fx.Niagara.QualityLevel:3]]
[2022.04.06-06.09.32:563][  0]LogConfig: Applying CVar settings from Section [FoliageQuality@3] File [C:/Users/Nino/Documents/Blind-Game/BlindGame/Saved/Config/Windows/Scalability.ini]
[2022.04.06-06.09.32:563][  0]LogConfig: Setting CVar [[foliage.DensityScale:1.0]]
[2022.04.06-06.09.32:563][  0]LogConfig: Setting CVar [[grass.DensityScale:1.0]]
[2022.04.06-06.09.32:563][  0]LogConfig: Applying CVar settings from Section [ShadingQuality@3] File [C:/Users/Nino/Documents/Blind-Game/BlindGame/Saved/Config/Windows/Scalability.ini]
[2022.04.06-06.09.32:563][  0]LogConfig: Setting CVar [[r.HairStrands.SkyLighting.IntegrationType:2]]
[2022.04.06-06.09.32:563][  0]LogConfig: Setting CVar [[r.HairStrands.SkyAO.SampleCount:4]]
[2022.04.06-06.09.32:563][  0]LogConfig: Setting CVar [[r.HairStrands.Visibility.MSAA.SamplePerPixel:4]]
[2022.04.06-06.09.32:564][  0]LogInit: Selected Device Profile: [Windows]
[2022.04.06-06.09.32:564][  0]LogInit: Applying CVar settings loaded from the selected device profile: [Windows]
[2022.04.06-06.09.32:564][  0]LogHAL: Display: Platform has ~ 16 GB [17106669568 / 17179869184 / 16], which maps to Larger [LargestMinGB=32, LargerMinGB=12, DefaultMinGB=8, SmallerMinGB=6, SmallestMinGB=0)
[2022.04.06-06.09.32:564][  0]LogInit: Going up to parent DeviceProfile []
[2022.04.06-06.09.32:564][  0]LogConfig: Applying CVar settings from Section [ViewDistanceQuality@3] File [C:/Users/Nino/Documents/Blind-Game/BlindGame/Saved/Config/Windows/Scalability.ini]
[2022.04.06-06.09.32:564][  0]LogConfig: Setting CVar [[r.SkeletalMeshLODBias:0]]
[2022.04.06-06.09.32:564][  0]LogConfig: Setting CVar [[r.ViewDistanceScale:1.0]]
[2022.04.06-06.09.32:564][  0]LogConfig: Applying CVar settings from Section [AntiAliasingQuality@3] File [C:/Users/Nino/Documents/Blind-Game/BlindGame/Saved/Config/Windows/Scalability.ini]
[2022.04.06-06.09.32:564][  0]LogConfig: Setting CVar [[r.PostProcessAAQuality:4]]
[2022.04.06-06.09.32:564][  0]LogConfig: Applying CVar settings from Section [ShadowQuality@3] File [C:/Users/Nino/Documents/Blind-Game/BlindGame/Saved/Config/Windows/Scalability.ini]
[2022.04.06-06.09.32:564][  0]LogConfig: Setting CVar [[r.LightFunctionQuality:1]]
[2022.04.06-06.09.32:564][  0]LogConfig: Setting CVar [[r.ShadowQuality:5]]
[2022.04.06-06.09.32:564][  0]LogConfig: Setting CVar [[r.Shadow.CSM.MaxCascades:10]]
[2022.04.06-06.09.32:564][  0]LogConfig: Setting CVar [[r.Shadow.MaxResolution:2048]]
[2022.04.06-06.09.32:564][  0]LogConfig: Setting CVar [[r.Shadow.MaxCSMResolution:2048]]
[2022.04.06-06.09.32:564][  0]LogConfig: Setting CVar [[r.Shadow.RadiusThreshold:0.01]]
[2022.04.06-06.09.32:564][  0]LogConfig: Setting CVar [[r.Shadow.DistanceScale:1.0]]
[2022.04.06-06.09.32:564][  0]LogConfig: Setting CVar [[r.Shadow.CSM.TransitionScale:1.0]]
[2022.04.06-06.09.32:564][  0]LogConfig: Setting CVar [[r.Shadow.PreShadowResolutionFactor:1.0]]
[2022.04.06-06.09.32:564][  0]LogConfig: Setting CVar [[r.DistanceFieldShadowing:1]]
[2022.04.06-06.09.32:564][  0]LogConfig: Setting CVar [[r.DistanceFieldAO:1]]
[2022.04.06-06.09.32:564][  0]LogConfig: Setting CVar [[r.AOQuality:2]]
[2022.04.06-06.09.32:564][  0]LogConfig: Setting CVar [[r.VolumetricFog:1]]
[2022.04.06-06.09.32:564][  0]LogConfig: Setting CVar [[r.VolumetricFog.GridPixelSize:8]]
[2022.04.06-06.09.32:564][  0]LogConfig: Setting CVar [[r.VolumetricFog.GridSizeZ:128]]
[2022.04.06-06.09.32:564][  0]LogConfig: Setting CVar [[r.VolumetricFog.HistoryMissSupersampleCount:4]]
[2022.04.06-06.09.32:564][  0]LogConfig: Setting CVar [[r.LightMaxDrawDistanceScale:1]]
[2022.04.06-06.09.32:564][  0]LogConfig: Setting CVar [[r.CapsuleShadows:1]]
[2022.04.06-06.09.32:564][  0]LogConfig: Applying CVar settings from Section [PostProcessQuality@3] File [C:/Users/Nino/Documents/Blind-Game/BlindGame/Saved/Config/Windows/Scalability.ini]
[2022.04.06-06.09.32:564][  0]LogConfig: Setting CVar [[r.MotionBlurQuality:4]]
[2022.04.06-06.09.32:564][  0]LogConfig: Setting CVar [[r.AmbientOcclusionMipLevelFactor:0.4]]
[2022.04.06-06.09.32:564][  0]LogConfig: Setting CVar [[r.AmbientOcclusionMaxQuality:100]]
[2022.04.06-06.09.32:564][  0]LogConfig: Setting CVar [[r.AmbientOcclusionLevels:-1]]
[2022.04.06-06.09.32:564][  0]LogConfig: Setting CVar [[r.AmbientOcclusionRadiusScale:1.0]]
[2022.04.06-06.09.32:564][  0]LogConfig: Setting CVar [[r.DepthOfFieldQuality:2]]
[2022.04.06-06.09.32:564][  0]LogConfig: Setting CVar [[r.RenderTargetPoolMin:400]]
[2022.04.06-06.09.32:564][  0]LogConfig: Setting CVar [[r.LensFlareQuality:2]]
[2022.04.06-06.09.32:564][  0]LogConfig: Setting CVar [[r.SceneColorFringeQuality:1]]
[2022.04.06-06.09.32:564][  0]LogConfig: Setting CVar [[r.EyeAdaptationQuality:2]]
[2022.04.06-06.09.32:564][  0]LogConfig: Setting CVar [[r.BloomQuality:5]]
[2022.04.06-06.09.32:564][  0]LogConfig: Setting CVar [[r.FastBlurThreshold:100]]
[2022.04.06-06.09.32:564][  0]LogConfig: Setting CVar [[r.Upscale.Quality:3]]
[2022.04.06-06.09.32:564][  0]LogConfig: Setting CVar [[r.Tonemapper.GrainQuantization:1]]
[2022.04.06-06.09.32:564][  0]LogConfig: Setting CVar [[r.LightShaftQuality:1]]
[2022.04.06-06.09.32:564][  0]LogConfig: Setting CVar [[r.Filter.SizeScale:1]]
[2022.04.06-06.09.32:564][  0]LogConfig: Setting CVar [[r.Tonemapper.Quality:5]]
[2022.04.06-06.09.32:564][  0]LogConfig: Setting CVar [[r.DOF.Gather.AccumulatorQuality:1        ; higher gathering accumulator quality]]
[2022.04.06-06.09.32:564][  0]LogConfig: Setting CVar [[r.DOF.Gather.PostfilterMethod:1          ; Median3x3 postfilering method]]
[2022.04.06-06.09.32:564][  0]LogConfig: Setting CVar [[r.DOF.Gather.EnableBokehSettings:0       ; no bokeh simulation when gathering]]
[2022.04.06-06.09.32:564][  0]LogConfig: Setting CVar [[r.DOF.Gather.RingCount:4                 ; medium number of samples when gathering]]
[2022.04.06-06.09.32:564][  0]LogConfig: Setting CVar [[r.DOF.Scatter.ForegroundCompositing:1    ; additive foreground scattering]]
[2022.04.06-06.09.32:564][  0]LogConfig: Setting CVar [[r.DOF.Scatter.BackgroundCompositing:2    ; additive background scattering]]
[2022.04.06-06.09.32:564][  0]LogConfig: Setting CVar [[r.DOF.Scatter.EnableBokehSettings:1      ; bokeh simulation when scattering]]
[2022.04.06-06.09.32:564][  0]LogConfig: Setting CVar [[r.DOF.Scatter.MaxSpriteRatio:0.1         ; only a maximum of 10% of scattered bokeh]]
[2022.04.06-06.09.32:564][  0]LogConfig: Setting CVar [[r.DOF.Recombine.Quality:1                ; cheap slight out of focus]]
[2022.04.06-06.09.32:564][  0]LogConfig: Setting CVar [[r.DOF.Recombine.EnableBokehSettings:0    ; no bokeh simulation on slight out of focus]]
[2022.04.06-06.09.32:564][  0]LogConfig: Setting CVar [[r.DOF.TemporalAAQuality:1                ; more stable temporal accumulation]]
[2022.04.06-06.09.32:564][  0]LogConfig: Setting CVar [[r.DOF.Kernel.MaxForegroundRadius:0.025]]
[2022.04.06-06.09.32:564][  0]LogConfig: Setting CVar [[r.DOF.Kernel.MaxBackgroundRadius:0.025]]
[2022.04.06-06.09.32:564][  0]LogConfig: Applying CVar settings from Section [TextureQuality@3] File [C:/Users/Nino/Documents/Blind-Game/BlindGame/Saved/Config/Windows/Scalability.ini]
[2022.04.06-06.09.32:564][  0]LogConfig: Setting CVar [[r.Streaming.MipBias:0]]
[2022.04.06-06.09.32:564][  0]LogConfig: Setting CVar [[r.Streaming.AmortizeCPUToGPUCopy:0]]
[2022.04.06-06.09.32:564][  0]LogConfig: Setting CVar [[r.Streaming.MaxNumTexturesToStreamPerFrame:0]]
[2022.04.06-06.09.32:564][  0]LogConfig: Setting CVar [[r.Streaming.Boost:1]]
[2022.04.06-06.09.32:565][  0]LogConfig: Setting CVar [[r.MaxAnisotropy:8]]
[2022.04.06-06.09.32:565][  0]LogConfig: Setting CVar [[r.VT.MaxAnisotropy:8]]
[2022.04.06-06.09.32:565][  0]LogConfig: Setting CVar [[r.Streaming.LimitPoolSizeToVRAM:0]]
[2022.04.06-06.09.32:565][  0]LogConfig: Setting CVar [[r.Streaming.PoolSize:1000]]
[2022.04.06-06.09.32:565][  0]LogConfig: Setting CVar [[r.Streaming.MaxEffectiveScreenSize:0]]
[2022.04.06-06.09.32:565][  0]LogConfig: Applying CVar settings from Section [EffectsQuality@3] File [C:/Users/Nino/Documents/Blind-Game/BlindGame/Saved/Config/Windows/Scalability.ini]
[2022.04.06-06.09.32:565][  0]LogConfig: Setting CVar [[r.TranslucencyLightingVolumeDim:64]]
[2022.04.06-06.09.32:565][  0]LogConfig: Setting CVar [[r.RefractionQuality:2]]
[2022.04.06-06.09.32:565][  0]LogConfig: Setting CVar [[r.SSR.Quality:3]]
[2022.04.06-06.09.32:565][  0]LogConfig: Setting CVar [[r.SSR.HalfResSceneColor:0]]
[2022.04.06-06.09.32:565][  0]LogConfig: Setting CVar [[r.SceneColorFormat:4]]
[2022.04.06-06.09.32:565][  0]LogConfig: Setting CVar [[r.DetailMode:2]]
[2022.04.06-06.09.32:565][  0]LogConfig: Setting CVar [[r.TranslucencyVolumeBlur:1]]
[2022.04.06-06.09.32:565][  0]LogConfig: Setting CVar [[r.MaterialQualityLevel:1 ; High quality]]
[2022.04.06-06.09.32:565][  0]LogConfig: Setting CVar [[r.AnisotropicMaterials:1]]
[2022.04.06-06.09.32:565][  0]LogConfig: Setting CVar [[r.SSS.Scale:1]]
[2022.04.06-06.09.32:565][  0]LogConfig: Setting CVar [[r.SSS.SampleSet:2]]
[2022.04.06-06.09.32:565][  0]LogConfig: Setting CVar [[r.SSS.Quality:1]]
[2022.04.06-06.09.32:565][  0]LogConfig: Setting CVar [[r.SSS.HalfRes:0]]
[2022.04.06-06.09.32:565][  0]LogConfig: Setting CVar [[r.SSGI.Quality:3]]
[2022.04.06-06.09.32:565][  0]LogConfig: Setting CVar [[r.EmitterSpawnRateScale:1.0]]
[2022.04.06-06.09.32:565][  0]LogConfig: Setting CVar [[r.ParticleLightQuality:2]]
[2022.04.06-06.09.32:565][  0]LogConfig: Setting CVar [[r.SkyAtmosphere.AerialPerspectiveLUT.FastApplyOnOpaque:1 ; Always have FastSkyLUT 1 in this case to avoid wrong sky]]
[2022.04.06-06.09.32:565][  0]LogConfig: Setting CVar [[r.SkyAtmosphere.AerialPerspectiveLUT.SampleCountMaxPerSlice:4]]
[2022.04.06-06.09.32:565][  0]LogConfig: Setting CVar [[r.SkyAtmosphere.AerialPerspectiveLUT.DepthResolution:16.0]]
[2022.04.06-06.09.32:565][  0]LogConfig: Setting CVar [[r.SkyAtmosphere.FastSkyLUT:1]]
[2022.04.06-06.09.32:565][  0]LogConfig: Setting CVar [[r.SkyAtmosphere.FastSkyLUT.SampleCountMin:4.0]]
[2022.04.06-06.09.32:565][  0]LogConfig: Setting CVar [[r.SkyAtmosphere.FastSkyLUT.SampleCountMax:128.0]]
[2022.04.06-06.09.32:565][  0]LogConfig: Setting CVar [[r.SkyAtmosphere.SampleCountMin:4.0]]
[2022.04.06-06.09.32:565][  0]LogConfig: Setting CVar [[r.SkyAtmosphere.SampleCountMax:128.0]]
[2022.04.06-06.09.32:565][  0]LogConfig: Setting CVar [[r.SkyAtmosphere.TransmittanceLUT.UseSmallFormat:0]]
[2022.04.06-06.09.32:565][  0]LogConfig: Setting CVar [[r.SkyAtmosphere.TransmittanceLUT.SampleCount:10.0]]
[2022.04.06-06.09.32:565][  0]LogConfig: Setting CVar [[r.SkyAtmosphere.MultiScatteringLUT.SampleCount:15.0]]
[2022.04.06-06.09.32:565][  0]LogConfig: Setting CVar [[r.SkyLight.RealTimeReflectionCapture:1]]
[2022.04.06-06.09.32:565][  0]LogConfig: Setting CVar [[fx.Niagara.QualityLevel:3]]
[2022.04.06-06.09.32:565][  0]LogConfig: Applying CVar settings from Section [FoliageQuality@3] File [C:/Users/Nino/Documents/Blind-Game/BlindGame/Saved/Config/Windows/Scalability.ini]
[2022.04.06-06.09.32:565][  0]LogConfig: Setting CVar [[foliage.DensityScale:1.0]]
[2022.04.06-06.09.32:565][  0]LogConfig: Setting CVar [[grass.DensityScale:1.0]]
[2022.04.06-06.09.32:565][  0]LogConfig: Applying CVar settings from Section [ShadingQuality@3] File [C:/Users/Nino/Documents/Blind-Game/BlindGame/Saved/Config/Windows/Scalability.ini]
[2022.04.06-06.09.32:565][  0]LogConfig: Setting CVar [[r.HairStrands.SkyLighting.IntegrationType:2]]
[2022.04.06-06.09.32:565][  0]LogConfig: Setting CVar [[r.HairStrands.SkyAO.SampleCount:4]]
[2022.04.06-06.09.32:565][  0]LogConfig: Setting CVar [[r.HairStrands.Visibility.MSAA.SamplePerPixel:4]]
[2022.04.06-06.09.32:565][  0]LogConfig: Applying CVar settings from Section [Startup] File [../../../Engine/Config/ConsoleVariables.ini]
[2022.04.06-06.09.32:565][  0]LogConfig: Setting CVar [[net.UseAdaptiveNetUpdateFrequency:0]]
[2022.04.06-06.09.32:565][  0]LogConfig: Setting CVar [[p.chaos.AllowCreatePhysxBodies:1]]
[2022.04.06-06.09.32:566][  0]LogConfig: Setting CVar [[fx.SkipVectorVMBackendOptimizations:1]]
[2022.04.06-06.09.32:566][  0]LogConfig: Applying CVar settings from Section [ConsoleVariables] File [C:/Users/Nino/Documents/Blind-Game/BlindGame/Saved/Config/Windows/Engine.ini]
[2022.04.06-06.09.32:566][  0]LogConfig: Applying CVar settings from Section [ConsoleVariables] File [C:/Users/Nino/Documents/Blind-Game/BlindGame/Saved/Config/Windows/Editor.ini]
[2022.04.06-06.09.32:566][  0]LogInit: Computer: DESKTOP-LRV82HI
[2022.04.06-06.09.32:566][  0]LogInit: User: Nino
[2022.04.06-06.09.32:566][  0]LogInit: CPU Page size=4096, Cores=8
[2022.04.06-06.09.32:566][  0]LogInit: High frequency timer resolution =10.000000 MHz
[2022.04.06-06.09.32:566][  0]LogMemory: Memory total: Physical=15.9GB (16GB approx)
[2022.04.06-06.09.32:566][  0]LogMemory: Platform Memory Stats for Windows
[2022.04.06-06.09.32:566][  0]LogMemory: Process Physical Memory: 152.17 MB used, 152.17 MB peak
[2022.04.06-06.09.32:566][  0]LogMemory: Process Virtual Memory: 129.36 MB used, 129.36 MB peak
[2022.04.06-06.09.32:566][  0]LogMemory: Physical Memory: 9603.64 MB used,  6710.55 MB free, 16314.19 MB total
[2022.04.06-06.09.32:566][  0]LogMemory: Virtual Memory: 134207728.00 MB used,  10002.07 MB free, 134217728.00 MB total
[2022.04.06-06.09.32:572][  0]LogWindows: WindowsPlatformFeatures enabled
[2022.04.06-06.09.32:631][  0]LogInit: Physics initialised using underlying interface: PhysX
[2022.04.06-06.09.32:632][  0]LogInit: Using OS detected language (en-US).
[2022.04.06-06.09.32:632][  0]LogInit: Using OS detected locale (en-CA).
[2022.04.06-06.09.32:635][  0]LogTextLocalizationManager: No specific localization for 'en-US' exists, so the 'en' localization will be used.
[2022.04.06-06.09.32:874][  0]LogInit: Setting process to per monitor DPI aware
[2022.04.06-06.09.32:887][  0]LogWindowsTextInputMethodSystem: Display: IME system deactivated.
[2022.04.06-06.09.32:904][  0]LogSlate: New Slate User Created.  User Index 0, Is Virtual User: 0
[2022.04.06-06.09.32:904][  0]LogSlate: Slate User Registered.  User Index 0, Is Virtual User: 0
[2022.04.06-06.09.33:125][  0]LogD3D11RHI: Loaded GFSDK_Aftermath_Lib.x64.dll
[2022.04.06-06.09.33:130][  0]LogHMD: Failed to initialize OpenVR with code 110
[2022.04.06-06.09.33:130][  0]LogD3D11RHI: D3D11 min allowed feature level: 11_0
[2022.04.06-06.09.33:130][  0]LogD3D11RHI: D3D11 max allowed feature level: 11_0
[2022.04.06-06.09.33:130][  0]LogD3D11RHI: D3D11 adapters:
[2022.04.06-06.09.33:230][  0]LogD3D11RHI:    0. 'NVIDIA GeForce RTX 2070' (Feature Level 11_0)
[2022.04.06-06.09.33:230][  0]LogD3D11RHI:       8031/0/8157 MB DedicatedVideo/DedicatedSystem/SharedSystem, Outputs:2, VendorId:0x10de
[2022.04.06-06.09.33:234][  0]LogD3D11RHI:    1. 'Microsoft Basic Render Driver' (Feature Level 11_0)
[2022.04.06-06.09.33:234][  0]LogD3D11RHI:       0/0/8157 MB DedicatedVideo/DedicatedSystem/SharedSystem, Outputs:0, VendorId:0x1414
[2022.04.06-06.09.33:234][  0]LogD3D11RHI: Chosen D3D11 Adapter:
[2022.04.06-06.09.33:234][  0]LogD3D11RHI:     Description : NVIDIA GeForce RTX 2070
[2022.04.06-06.09.33:234][  0]LogD3D11RHI:     VendorId    : 10de
[2022.04.06-06.09.33:234][  0]LogD3D11RHI:     DeviceId    : 1f02
[2022.04.06-06.09.33:234][  0]LogD3D11RHI:     SubSysId    : 37c21458
[2022.04.06-06.09.33:234][  0]LogD3D11RHI:     Revision    : 00a1
[2022.04.06-06.09.33:234][  0]LogD3D11RHI:     DedicatedVideoMemory : 8421113856 bytes
[2022.04.06-06.09.33:234][  0]LogD3D11RHI:     DedicatedSystemMemory : 0 bytes
[2022.04.06-06.09.33:234][  0]LogD3D11RHI:     SharedSystemMemory : 8553334784 bytes
[2022.04.06-06.09.33:234][  0]LogD3D11RHI:     AdapterLuid : 0 53320
[2022.04.06-06.09.33:242][  0]LogD3D11RHI: Creating new Direct3DDevice
[2022.04.06-06.09.33:243][  0]LogD3D11RHI:     GPU DeviceId: 0x1f02 (for the marketing name, search the web for "GPU Device Id")
[2022.04.06-06.09.33:243][  0]LogWindows: EnumDisplayDevices:
[2022.04.06-06.09.33:243][  0]LogWindows:    0. 'NVIDIA GeForce RTX 2070' (P:1 D:1)
[2022.04.06-06.09.33:243][  0]LogWindows:    1. 'NVIDIA GeForce RTX 2070' (P:0 D:1)
[2022.04.06-06.09.33:243][  0]LogWindows:    2. 'NVIDIA GeForce RTX 2070' (P:0 D:0)
[2022.04.06-06.09.33:243][  0]LogWindows:    3. 'NVIDIA GeForce RTX 2070' (P:0 D:0)
[2022.04.06-06.09.33:244][  0]LogWindows: DebugString: FoundDriverCount:4 
[2022.04.06-06.09.33:244][  0]LogD3D11RHI:     Adapter Name: NVIDIA GeForce RTX 2070
[2022.04.06-06.09.33:244][  0]LogD3D11RHI:   Driver Version: 512.15 (internal:30.0.15.1215, unified:512.15)
[2022.04.06-06.09.33:244][  0]LogD3D11RHI:      Driver Date: 3-17-2022
[2022.04.06-06.09.33:244][  0]LogRHI: Texture pool is 5621 MB (70% of 8031 MB)
[2022.04.06-06.09.33:244][  0]LogD3D11RHI: Creating D3DDevice using adapter:
[2022.04.06-06.09.33:244][  0]LogD3D11RHI:     Description : NVIDIA GeForce RTX 2070
[2022.04.06-06.09.33:244][  0]LogD3D11RHI:     VendorId    : 10de
[2022.04.06-06.09.33:244][  0]LogD3D11RHI:     DeviceId    : 1f02
[2022.04.06-06.09.33:244][  0]LogD3D11RHI:     SubSysId    : 37c21458
[2022.04.06-06.09.33:244][  0]LogD3D11RHI:     Revision    : 00a1
[2022.04.06-06.09.33:244][  0]LogD3D11RHI:     DedicatedVideoMemory : 8421113856 bytes
[2022.04.06-06.09.33:244][  0]LogD3D11RHI:     DedicatedSystemMemory : 0 bytes
[2022.04.06-06.09.33:244][  0]LogD3D11RHI:     SharedSystemMemory : 8553334784 bytes
[2022.04.06-06.09.33:244][  0]LogD3D11RHI:     AdapterLuid : 0 53320
[2022.04.06-06.09.33:306][  0]LogD3D11RHI: RHI has support for 64 bit atomics
[2022.04.06-06.09.33:306][  0]LogD3D11RHI: Async texture creation enabled
[2022.04.06-06.09.33:306][  0]LogD3D11RHI: Array index from any shader is supported
[2022.04.06-06.09.33:325][  0]LogD3D11RHI: GPU Timing Frequency: 1000.000000 (Debug: 2 1)
[2022.04.06-06.09.33:376][  0]LogRHI: GeForceNow SDK initialized: 1
[2022.04.06-06.09.33:862][  0]LogTargetPlatformManager: Display: Loaded TargetPlatform 'AllDesktop'
[2022.04.06-06.09.33:890][  0]LogTargetPlatformManager: Display: Loaded TargetPlatform 'Android'
[2022.04.06-06.09.33:890][  0]LogTargetPlatformManager: Display: Loaded TargetPlatform 'Android_ASTC'
[2022.04.06-06.09.33:890][  0]LogTargetPlatformManager: Display: Loaded TargetPlatform 'Android_DXT'
[2022.04.06-06.09.33:890][  0]LogTargetPlatformManager: Display: Loaded TargetPlatform 'Android_ETC2'
[2022.04.06-06.09.33:890][  0]LogTargetPlatformManager: Display: Loaded TargetPlatform 'AndroidClient'
[2022.04.06-06.09.33:890][  0]LogTargetPlatformManager: Display: Loaded TargetPlatform 'Android_ASTCClient'
[2022.04.06-06.09.33:891][  0]LogTargetPlatformManager: Display: Loaded TargetPlatform 'Android_DXTClient'
[2022.04.06-06.09.33:891][  0]LogTargetPlatformManager: Display: Loaded TargetPlatform 'Android_ETC2Client'
[2022.04.06-06.09.33:891][  0]LogTargetPlatformManager: Display: Loaded TargetPlatform 'Android_Multi'
[2022.04.06-06.09.33:891][  0]LogTargetPlatformManager: Display: Loaded TargetPlatform 'Android_MultiClient'
[2022.04.06-06.09.33:914][  0]LogTargetPlatformManager: Display: Loaded TargetPlatform 'IOSClient'
[2022.04.06-06.09.33:914][  0]LogTargetPlatformManager: Display: Loaded TargetPlatform 'IOS'
[2022.04.06-06.09.33:926][  0]LogTargetPlatformManager: Display: Loaded TargetPlatform 'Linux'
[2022.04.06-06.09.33:932][  0]LogTargetPlatformManager: Display: Loaded TargetPlatform 'LinuxNoEditor'
[2022.04.06-06.09.33:938][  0]LogTargetPlatformManager: Display: Loaded TargetPlatform 'LinuxClient'
[2022.04.06-06.09.33:944][  0]LogTargetPlatformManager: Display: Loaded TargetPlatform 'LinuxServer'
[2022.04.06-06.09.33:956][  0]LogTargetPlatformManager: Display: Loaded TargetPlatform 'LinuxAArch64NoEditor'
[2022.04.06-06.09.33:962][  0]LogTargetPlatformManager: Display: Loaded TargetPlatform 'LinuxAArch64Client'
[2022.04.06-06.09.33:969][  0]LogTargetPlatformManager: Display: Loaded TargetPlatform 'LinuxAArch64Server'
[2022.04.06-06.09.34:023][  0]LogTargetPlatformManager: Display: Loaded TargetPlatform 'Lumin'
[2022.04.06-06.09.34:023][  0]LogTargetPlatformManager: Display: Loaded TargetPlatform 'LuminClient'
[2022.04.06-06.09.34:034][  0]LogTargetPlatformManager: Display: Loaded TargetPlatform 'MacNoEditor'
[2022.04.06-06.09.34:040][  0]LogTargetPlatformManager: Display: Loaded TargetPlatform 'Mac'
[2022.04.06-06.09.34:046][  0]LogTargetPlatformManager: Display: Loaded TargetPlatform 'MacClient'
[2022.04.06-06.09.34:051][  0]LogTargetPlatformManager: Display: Loaded TargetPlatform 'MacServer'
[2022.04.06-06.09.34:064][  0]LogTargetPlatformManager: Display: Loaded TargetPlatform 'TVOSClient'
[2022.04.06-06.09.34:064][  0]LogTargetPlatformManager: Display: Loaded TargetPlatform 'TVOS'
[2022.04.06-06.09.34:075][  0]LogTargetPlatformManager: Display: Loaded TargetPlatform 'WindowsNoEditor'
[2022.04.06-06.09.34:081][  0]LogTargetPlatformManager: Display: Loaded TargetPlatform 'Windows'
[2022.04.06-06.09.34:087][  0]LogTargetPlatformManager: Display: Loaded TargetPlatform 'WindowsClient'
[2022.04.06-06.09.34:093][  0]LogTargetPlatformManager: Display: Loaded TargetPlatform 'WindowsServer'
[2022.04.06-06.09.34:093][  0]LogTargetPlatformManager: Display: Building Assets For Windows
[2022.04.06-06.09.34:104][  0]LogAudioDebug: Display: Lib vorbis DLL was dynamically loaded.
[2022.04.06-06.09.34:161][  0]LogTextureFormatOodle: Display: Oodle Texture 2.9.0 init RDO Off
[2022.04.06-06.09.34:202][  0]LogRendererCore: Ray tracing is disabled. Reason: r.RayTracing=0.
[2022.04.06-06.09.34:203][  0]LogShaderCompilers: Guid format shader working directory is 0 characters bigger than the processId version (C:/Users/Nino/Documents/Blind-Game/BlindGame/Intermediate/Shaders/WorkingDirectory/13372/).
[2022.04.06-06.09.34:203][  0]LogShaderCompilers: Cleaned the shader compiler working directory 'C:/Users/Nino/AppData/Local/Temp/UnrealShaderWorkingDir/521BC0AF470681573F5951B61AD50C31/'.
[2022.04.06-06.09.34:203][  0]LogShaderCompilers: Display: Using XGE Controller for Shader Compilation.
[2022.04.06-06.09.35:134][  0]LogDerivedDataCache: Display: Max Cache Size: 512 MB
[2022.04.06-06.09.35:206][  0]LogDerivedDataCache: Loaded boot cache 0.07s 95MB C:/Users/Nino/AppData/Local/UnrealEngine/4.27/DerivedDataCache/Boot.ddc.
[2022.04.06-06.09.35:206][  0]LogDerivedDataCache: Display: Loaded Boot cache: C:/Users/Nino/AppData/Local/UnrealEngine/4.27/DerivedDataCache/Boot.ddc
[2022.04.06-06.09.35:207][  0]LogDerivedDataCache: FDerivedDataBackendGraph:  Pak pak cache file C:/Users/Nino/Documents/Blind-Game/BlindGame/DerivedDataCache/DDC.ddp not found, will not use a pak cache.
[2022.04.06-06.09.35:207][  0]LogDerivedDataCache: Unable to find inner node Pak for hierarchical cache Hierarchy.
[2022.04.06-06.09.35:207][  0]LogDerivedDataCache: FDerivedDataBackendGraph:  CompressedPak pak cache file C:/Users/Nino/Documents/Blind-Game/BlindGame/DerivedDataCache/Compressed.ddp not found, will not use a pak cache.
[2022.04.06-06.09.35:207][  0]LogDerivedDataCache: Unable to find inner node CompressedPak for hierarchical cache Hierarchy.
[2022.04.06-06.09.35:226][  0]LogDerivedDataCache: Display: Pak cache opened for reading ../../../Engine/DerivedDataCache/Compressed.ddp.
[2022.04.06-06.09.35:226][  0]LogDerivedDataCache: FDerivedDataBackendGraph:  EnterprisePak pak cache file ../../../Enterprise/DerivedDataCache/Compressed.ddp not found, will not use a pak cache.
[2022.04.06-06.09.35:226][  0]LogDerivedDataCache: Unable to find inner node EnterprisePak for hierarchical cache Hierarchy.
[2022.04.06-06.09.35:233][  0]LogDerivedDataCache: Speed tests for C:/Users/Nino/AppData/Local/UnrealEngine/Common/DerivedDataCache took 0.01 seconds
[2022.04.06-06.09.35:233][  0]LogDerivedDataCache: Display: Performance to C:/Users/Nino/AppData/Local/UnrealEngine/Common/DerivedDataCache: Latency=0.03ms. RandomReadSpeed=1164.44MBs, RandomWriteSpeed=155.84MBs. Assigned SpeedClass 'Local'
[2022.04.06-06.09.35:236][  0]LogDerivedDataCache: Using Local data cache path C:/Users/Nino/AppData/Local/UnrealEngine/Common/DerivedDataCache: Writable
[2022.04.06-06.09.35:236][  0]LogDerivedDataCache: Shared data cache path not found in *engine.ini, will not use an Shared cache.
[2022.04.06-06.09.35:236][  0]LogDerivedDataCache: Unable to find inner node Shared for hierarchical cache Hierarchy.
[2022.04.06-06.09.37:629][  0]LogShaderCompilers: Display: Submitted 2637 shader compile jobs with 'High' priority
[2022.04.06-06.09.37:629][  0]LogSlate: Using FreeType 2.10.0
[2022.04.06-06.09.37:630][  0]LogSlate: SlateFontServices - WITH_FREETYPE: 1, WITH_HARFBUZZ: 1
[2022.04.06-06.09.37:661][  0]LogShaderCompilers: Display: Started 2637 'XGE' shader compile jobs with 'High' priority
[2022.04.06-06.09.37:661][  0]LogAssetRegistry: FAssetRegistry took 0.0029 seconds to start up
[2022.04.06-06.09.38:040][  0]LogInit: Selected Device Profile: [Windows]
[2022.04.06-06.09.38:041][  0]LogInit: Active device profile: [0000017990DFA000][000001798E177940 49] Windows
[2022.04.06-06.09.38:041][  0]LogInit: Profiles: [0000017990DFA000][000001798E177940 49] Windows, [0000017990DB5D00][000001798E183AC0 49] WindowsNoEditor, [0000017990DFA400][000001798E1860C0 49] WindowsServer, [0000017990DB5C00][000001798E18E240 49] WindowsClient, [0000017990DFA300][000001798E1923C0 49] IOS, [0000017990DB5A00][000001798E196540 49] iPadAir, [0000017990DF9800][000001798E19A6C0 49] iPadAir2, [0000017990D41D00][000001798E1A2980 49] IPadPro, [0000017990D41E00][000001798E19E9C0 49] iPadAir3, [0000017990DFBE00][000001798E1AAB40 49] iPadAir4, [0000017990D43C00][000001798E1AECC0 49] iPadMini2, [0000017990DF8600][000001798E1B6E40 49] iPadMini3, [0000017990D40B00][000001798E17AF80 49] iPadMini4, [0000017990DFA700][000001798E1BB0C0 49] iPadMini5, [0000017990D59300][000001798E1C7300 49] iPhone6, [0000017990D59400][000001798E1BF340 49] iPodTouch6, [0000017990DB5F00][000001798E1D7600 49] iPhone7, [0000017990DB6300][000001798E1CF640 49] iPodTouch7, [0000017990D5B300][000001798E1DF7C0 49] iPhone5S, [0000017990DB6800][000001798E1E3940 49] iPhone6Plus, [0000017990D58900][000001798E1E7AC0 49] iPhone6S, [0000017990DB6E00][000001798E1EA0C0 49] iPhone6SPlus, [0000017990D5A600][000001798E1F2240 49] iPhone7Plus, [0000017990DB4600][000001798E1F63C0 49] iPhoneSE, [0000017990D58E00][000001798E1FA540 49] iPhone8, [0000017990DB7E00][000001798E1FE6C0 49] iPhone8Plus, [0000017990D59800][000001798E202840 49] iPhoneX, [0000017990DB5400][000001798E2069C0 49] iPhoneXS, [0000017990D5BC00][0000017991674B40 49] iPhoneXSMax, [0000017990DB4C00][000001799167CCC0 49] iPhoneXR, [0000017990D5A800][0000017991680E40 49] iPhone11, [0000017990DB6F00][0000017991684FC0 49] iPhone11Pro, [0000017990D58800][000001798E1CB100 49] iPhone11ProMax, [0000017990DB5600][0000017991689240 49] iPhoneSE2, [0000017990D59F00][000001799168D380 49] iPhone12Mini, [0000017990DB4B00][00000179916914C0 49] iPhone12, [0000017990D5AD00][000001799169D640 49] iPhone12Pro, [0000017990DB6000][00000179916A17C0 49] iPhone12ProMax, [0000017990D58B00][00000179916A9940 49] iPadPro105, [0000017990DB4800][00000179916ADAC0 49] iPadPro129, [0000017990D58600][00000179916B00C0 49] iPadPro97, [0000017990DB7500][00000179916B4240 49] iPadPro2_129, [0000017990D5A200][00000179916BC3C0 49] iPad5, [0000017990D42300][00000179916C0540 49] iPad6, [0000017990E78100][00000179916C86C0 49] iPad7, [0000017990D43D00][00000179916CC840 49] iPad8, [0000017990DB7400][00000179916D09C0 49] iPadPro11, [0000017990D43000][00000179916D4B40 49] iPadPro2_11, [0000017990DB5500][00000179916D8CC0 49] iPadPro3_129, [0000017990D42D00][00000179916E0E40 49] iPadPro4_129, [0000017990D59600][00000179916E4FC0 49] AppleTV, [0000017990D42B00][00000179916E9140 49] AppleTV4K, [0000017990D58100][00000179916ED2C0 49] TVOS, [0000017990D40800][0000017991699400 49] Mac, [0000017990D5B900][00000179916F5540 49] MacClient, [0000017990D40700][00000179916F9680 49] MacNoEditor, [0000017990D59000][0000017991705800 49] MacServer, [0000017990D40300][000001799170D980 49] Linux, [0000017990D5A400][0000017991711B00 49] LinuxAArch64, [0000017990D40200][0000017991714100 49] LinuxNoEditor, [0000017990D5B700][0000017991718280 49] LinuxAArch64NoEditor, [0000017990D42C00][000001799171C400 49] LinuxClient, [0000017990D5A100][0000017991720580 49] LinuxAArch64Client, [0000017990D43F00][0000017991728700 49] LinuxServer, [0000017990D58400][0000017991730880 49] LinuxAArch64Server, [0000017990D43A00][0000017991734A00 49] Android, [0000017990D58F00][0000017991738B80 49] Android_Low, [0000017990D42700][000001799173CD00 49] Android_Mid, [0000017990D58500][0000017991740E80 49] Android_High, [0000017990D41100][0000017991749000 49] Android_Default, [0000017990D5BE00][0000017991A81180 49] Android_Adreno4xx, [0000017990D43E00][0000017991A85300 49] Android_Adreno5xx_Low, [0000017990D5B200][0000017991A89480 49] Android_Adreno5xx, [0000017990D41600][00000179917015C0 49] Android_Adreno6xx, [0000017990D5BB00][0000017991A8D700 49] Android_Adreno6xx_Vulkan, [0000017990D42900][0000017991A91840 49] Android_Mali_T6xx, [0000017990D59E00][0000017991AA59C0 49] Android_Mali_T7xx, [0000017990D40100][0000017991AA9B40 49] Android_Mali_T8xx, [0000017990D5A500][0000017991750140 49] Android_Mali_G71, [0000017990D41300][00000179917542C0 49] Android_Mali_G72, [0000017990D59100][0000017991884440 49] Android_Mali_G72_Vulkan, [0000017990D42A00][00000179918905C0 49] Android_Mali_G76, [0000017990D59A00][00000179919EA740 49] Android_Mali_G76_Vulkan, [0000017990D43600][00000179919F68C0 49] Android_Mali_G77, [0000017990D5AE00][00000179919FEA40 49] Android_Mali_G77_Vulkan, [0000017990D41F00][0000017991E56BC0 49] Android_Mali_G78, [0000017990D5BF00][0000017991E5AD40 49] Android_Mali_G78_Vulkan, [0000017990D42500][0000017991E62EC0 49] Android_Mali_G710, [0000017990D59900][0000017991A2D040 49] Android_Mali_G710_Vulkan, [0000017990D40E00][0000017991A391C0 49] Android_Vulkan_SM5, [0000017990D5A700][0000017991E73340 49] Android_PowerVR_G6xxx, [0000017990D41A00][0000017991BB74C0 49] Android_PowerVR_GT7xxx, [0000017990D5B100][0000017991A31640 49] Android_PowerVR_GE8xxx, [0000017990D40A00][0000017991AA1780 49] Android_PowerVR_GM9xxx, [0000017990DF9100][000001799179B8C0 49] Android_PowerVR_GM9xxx_Vulkan, [0000017990DB7C00][000001799180FA00 49] Android_TegraK1, [0000017990DF9600][0000017991813B40 49] Android_Unknown_Vulkan, [0000017990DB6500][000001799181A140 49] Lumin, [0000017990DF8A00][00000179918222C0 49] Lumin_Desktop, [0000017990DB4400][0000017991852440 49] HoloLens, 
[2022.04.06-06.09.38:104][  0]LogMeshReduction: Using QuadricMeshReduction for automatic static mesh reduction
[2022.04.06-06.09.38:104][  0]LogMeshReduction: Using SimplygonMeshReduction for automatic skeletal mesh reduction
[2022.04.06-06.09.38:104][  0]LogMeshReduction: Using ProxyLODMeshReduction for automatic mesh merging
[2022.04.06-06.09.38:104][  0]LogMeshReduction: No distributed automatic mesh merging module available
[2022.04.06-06.09.38:104][  0]LogMeshMerging: No distributed automatic mesh merging module available
[2022.04.06-06.09.38:265][  0]LogMaterial: Display: Missing cached shadermap for WorldGridMaterial in PCD3D_SM5, Default, SM5 (DDC key hash: 2627E7E1F12FF6B55B9146CE24328DC39D086E9D), compiling. Is special engine material.
[2022.04.06-06.09.40:285][  0]LogShaderCompilers: Display: Submitted 1388 shader compile jobs with 'High' priority
[2022.04.06-06.09.40:843][  0]LogShaderCompilers: Display: Started 1388 'XGE' shader compile jobs with 'High' priority
[2022.04.06-06.09.57:456][  0]LogShaderCompilers: Rescheduling shader compilation to run locally after XGE job failed: C:/Users/Nino/AppData/Local/Temp/UnrealXGEWorkingDir/7F67722E47665522BD28A49A685E2786/4.xge
[2022.04.06-06.10.00:246][  0]LogShaderCompilers: Rescheduling shader compilation to run locally after XGE job failed: C:/Users/Nino/AppData/Local/Temp/UnrealXGEWorkingDir/7F67722E47665522BD28A49A685E2786/6.xge
[2022.04.06-06.10.01:924][  0]LogShaderCompilers: Rescheduling shader compilation to run locally after XGE job failed: C:/Users/Nino/AppData/Local/Temp/UnrealXGEWorkingDir/7F67722E47665522BD28A49A685E2786/8.xge
[2022.04.06-06.10.07:515][  0]LogShaderCompilers: Rescheduling shader compilation to run locally after XGE job failed: C:/Users/Nino/AppData/Local/Temp/UnrealXGEWorkingDir/7F67722E47665522BD28A49A685E2786/10.xge
[2022.04.06-06.10.10:310][  0]LogShaderCompilers: Rescheduling shader compilation to run locally after XGE job failed: C:/Users/Nino/AppData/Local/Temp/UnrealXGEWorkingDir/7F67722E47665522BD28A49A685E2786/12.xge
[2022.04.06-06.10.11:986][  0]LogShaderCompilers: Rescheduling shader compilation to run locally after XGE job failed: C:/Users/Nino/AppData/Local/Temp/UnrealXGEWorkingDir/7F67722E47665522BD28A49A685E2786/14.xge
[2022.04.06-06.10.15:898][  0]LogShaderCompilers: Rescheduling shader compilation to run locally after XGE job failed: C:/Users/Nino/AppData/Local/Temp/UnrealXGEWorkingDir/7F67722E47665522BD28A49A685E2786/16.xge
[2022.04.06-06.10.19:809][  0]LogShaderCompilers: Rescheduling shader compilation to run locally after XGE job failed: C:/Users/Nino/AppData/Local/Temp/UnrealXGEWorkingDir/7F67722E47665522BD28A49A685E2786/18.xge
[2022.04.06-06.10.25:396][  0]LogShaderCompilers: Rescheduling shader compilation to run locally after XGE job failed: C:/Users/Nino/AppData/Local/Temp/UnrealXGEWorkingDir/7F67722E47665522BD28A49A685E2786/20.xge
[2022.04.06-06.10.27:633][  0]LogShaderCompilers: Rescheduling shader compilation to run locally after XGE job failed: C:/Users/Nino/AppData/Local/Temp/UnrealXGEWorkingDir/7F67722E47665522BD28A49A685E2786/22.xge
[2022.04.06-06.10.36:021][  0]LogShaderCompilers: Rescheduling shader compilation to run locally after XGE job failed: C:/Users/Nino/AppData/Local/Temp/UnrealXGEWorkingDir/7F67722E47665522BD28A49A685E2786/24.xge
[2022.04.06-06.10.44:962][  0]LogShaderCompilers: Rescheduling shader compilation to run locally after XGE job failed: C:/Users/Nino/AppData/Local/Temp/UnrealXGEWorkingDir/7F67722E47665522BD28A49A685E2786/26.xge
[2022.04.06-06.11.00:591][  0]LogShaderCompilers: Rescheduling shader compilation to run locally after XGE job failed: C:/Users/Nino/AppData/Local/Temp/UnrealXGEWorkingDir/7F67722E47665522BD28A49A685E2786/28.xge
[2022.04.06-06.11.03:944][  0]LogShaderCompilers: Rescheduling shader compilation to run locally after XGE job failed: C:/Users/Nino/AppData/Local/Temp/UnrealXGEWorkingDir/7F67722E47665522BD28A49A685E2786/30.xge
[2022.04.06-06.11.07:858][  0]LogShaderCompilers: Rescheduling shader compilation to run locally after XGE job failed: C:/Users/Nino/AppData/Local/Temp/UnrealXGEWorkingDir/7F67722E47665522BD28A49A685E2786/32.xge
[2022.04.06-06.11.27:968][  0]LogShaderCompilers: Rescheduling shader compilation to run locally after XGE job failed: C:/Users/Nino/AppData/Local/Temp/UnrealXGEWorkingDir/7F67722E47665522BD28A49A685E2786/34.xge
[2022.04.06-06.11.31:317][  0]LogShaderCompilers: Rescheduling shader compilation to run locally after XGE job failed: C:/Users/Nino/AppData/Local/Temp/UnrealXGEWorkingDir/7F67722E47665522BD28A49A685E2786/36.xge
[2022.04.06-06.11.35:216][  0]LogShaderCompilers: Rescheduling shader compilation to run locally after XGE job failed: C:/Users/Nino/AppData/Local/Temp/UnrealXGEWorkingDir/7F67722E47665522BD28A49A685E2786/38.xge
[2022.04.06-06.11.40:240][  0]LogShaderCompilers: Rescheduling shader compilation to run locally after XGE job failed: C:/Users/Nino/AppData/Local/Temp/UnrealXGEWorkingDir/7F67722E47665522BD28A49A685E2786/40.xge
[2022.04.06-06.11.47:506][  0]LogShaderCompilers: Rescheduling shader compilation to run locally after XGE job failed: C:/Users/Nino/AppData/Local/Temp/UnrealXGEWorkingDir/7F67722E47665522BD28A49A685E2786/42.xge
[2022.04.06-06.11.53:094][  0]LogShaderCompilers: Rescheduling shader compilation to run locally after XGE job failed: C:/Users/Nino/AppData/Local/Temp/UnrealXGEWorkingDir/7F67722E47665522BD28A49A685E2786/44.xge
[2022.04.06-06.11.57:005][  0]LogShaderCompilers: Rescheduling shader compilation to run locally after XGE job failed: C:/Users/Nino/AppData/Local/Temp/UnrealXGEWorkingDir/7F67722E47665522BD28A49A685E2786/46.xge
[2022.04.06-06.12.00:916][  0]LogShaderCompilers: Rescheduling shader compilation to run locally after XGE job failed: C:/Users/Nino/AppData/Local/Temp/UnrealXGEWorkingDir/7F67722E47665522BD28A49A685E2786/48.xge
[2022.04.06-06.12.03:151][  0]LogShaderCompilers: Rescheduling shader compilation to run locally after XGE job failed: C:/Users/Nino/AppData/Local/Temp/UnrealXGEWorkingDir/7F67722E47665522BD28A49A685E2786/50.xge
[2022.04.06-06.12.09:301][  0]LogShaderCompilers: Rescheduling shader compilation to run locally after XGE job failed: C:/Users/Nino/AppData/Local/Temp/UnrealXGEWorkingDir/7F67722E47665522BD28A49A685E2786/52.xge
[2022.04.06-06.12.12:095][  0]LogShaderCompilers: Rescheduling shader compilation to run locally after XGE job failed: C:/Users/Nino/AppData/Local/Temp/UnrealXGEWorkingDir/7F67722E47665522BD28A49A685E2786/54.xge
[2022.04.06-06.12.14:328][  0]LogShaderCompilers: Rescheduling shader compilation to run locally after XGE job failed: C:/Users/Nino/AppData/Local/Temp/UnrealXGEWorkingDir/7F67722E47665522BD28A49A685E2786/56.xge
[2022.04.06-06.12.16:006][  0]LogShaderCompilers: Rescheduling shader compilation to run locally after XGE job failed: C:/Users/Nino/AppData/Local/Temp/UnrealXGEWorkingDir/7F67722E47665522BD28A49A685E2786/58.xge
[2022.04.06-06.12.18:784][  0]LogShaderCompilers: Rescheduling shader compilation to run locally after XGE job failed: C:/Users/Nino/AppData/Local/Temp/UnrealXGEWorkingDir/7F67722E47665522BD28A49A685E2786/60.xge
[2022.04.06-06.12.27:159][  0]LogShaderCompilers: Rescheduling shader compilation to run locally after XGE job failed: C:/Users/Nino/AppData/Local/Temp/UnrealXGEWorkingDir/7F67722E47665522BD28A49A685E2786/62.xge
[2022.04.06-06.12.29:391][  0]LogShaderCompilers: Rescheduling shader compilation to run locally after XGE job failed: C:/Users/Nino/AppData/Local/Temp/UnrealXGEWorkingDir/7F67722E47665522BD28A49A685E2786/64.xge
[2022.04.06-06.12.33:860][  0]LogShaderCompilers: Rescheduling shader compilation to run locally after XGE job failed: C:/Users/Nino/AppData/Local/Temp/UnrealXGEWorkingDir/7F67722E47665522BD28A49A685E2786/66.xge
[2022.04.06-06.12.37:772][  0]LogShaderCompilers: Rescheduling shader compilation to run locally after XGE job failed: C:/Users/Nino/AppData/Local/Temp/UnrealXGEWorkingDir/7F67722E47665522BD28A49A685E2786/68.xge
[2022.04.06-06.12.47:814][  0]LogShaderCompilers: Rescheduling shader compilation to run locally after XGE job failed: C:/Users/Nino/AppData/Local/Temp/UnrealXGEWorkingDir/7F67722E47665522BD28A49A685E2786/70.xge
[2022.04.06-06.12.50:050][  0]LogShaderCompilers: Rescheduling shader compilation to run locally after XGE job failed: C:/Users/Nino/AppData/Local/Temp/UnrealXGEWorkingDir/7F67722E47665522BD28A49A685E2786/72.xge
[2022.04.06-06.12.52:283][  0]LogShaderCompilers: Rescheduling shader compilation to run locally after XGE job failed: C:/Users/Nino/AppData/Local/Temp/UnrealXGEWorkingDir/7F67722E47665522BD28A49A685E2786/74.xge
[2022.04.06-06.13.00:108][  0]LogShaderCompilers: Rescheduling shader compilation to run locally after XGE job failed: C:/Users/Nino/AppData/Local/Temp/UnrealXGEWorkingDir/7F67722E47665522BD28A49A685E2786/76.xge
[2022.04.06-06.13.11:847][  0]LogShaderCompilers: Rescheduling shader compilation to run locally after XGE job failed: C:/Users/Nino/AppData/Local/Temp/UnrealXGEWorkingDir/7F67722E47665522BD28A49A685E2786/78.xge
[2022.04.06-06.13.17:434][  0]LogShaderCompilers: Rescheduling shader compilation to run locally after XGE job failed: C:/Users/Nino/AppData/Local/Temp/UnrealXGEWorkingDir/7F67722E47665522BD28A49A685E2786/80.xge
[2022.04.06-06.13.28:605][  0]LogShaderCompilers: Rescheduling shader compilation to run locally after XGE job failed: C:/Users/Nino/AppData/Local/Temp/UnrealXGEWorkingDir/7F67722E47665522BD28A49A685E2786/82.xge
[2022.04.06-06.13.37:538][  0]LogShaderCompilers: Rescheduling shader compilation to run locally after XGE job failed: C:/Users/Nino/AppData/Local/Temp/UnrealXGEWorkingDir/7F67722E47665522BD28A49A685E2786/84.xge
[2022.04.06-06.13.43:126][  0]LogShaderCompilers: Rescheduling shader compilation to run locally after XGE job failed: C:/Users/Nino/AppData/Local/Temp/UnrealXGEWorkingDir/7F67722E47665522BD28A49A685E2786/86.xge
[2022.04.06-06.13.46:475][  0]LogShaderCompilers: Rescheduling shader compilation to run locally after XGE job failed: C:/Users/Nino/AppData/Local/Temp/UnrealXGEWorkingDir/7F67722E47665522BD28A49A685E2786/88.xge
[2022.04.06-06.13.50:946][  0]LogShaderCompilers: Rescheduling shader compilation to run locally after XGE job failed: C:/Users/Nino/AppData/Local/Temp/UnrealXGEWorkingDir/7F67722E47665522BD28A49A685E2786/90.xge
[2022.04.06-06.13.55:975][  0]LogShaderCompilers: Rescheduling shader compilation to run locally after XGE job failed: C:/Users/Nino/AppData/Local/Temp/UnrealXGEWorkingDir/7F67722E47665522BD28A49A685E2786/92.xge
[2022.04.06-06.13.59:328][  0]LogShaderCompilers: Rescheduling shader compilation to run locally after XGE job failed: C:/Users/Nino/AppData/Local/Temp/UnrealXGEWorkingDir/7F67722E47665522BD28A49A685E2786/94.xge
[2022.04.06-06.14.01:563][  0]LogShaderCompilers: Rescheduling shader compilation to run locally after XGE job failed: C:/Users/Nino/AppData/Local/Temp/UnrealXGEWorkingDir/7F67722E47665522BD28A49A685E2786/96.xge
[2022.04.06-06.14.03:797][  0]LogShaderCompilers: Rescheduling shader compilation to run locally after XGE job failed: C:/Users/Nino/AppData/Local/Temp/UnrealXGEWorkingDir/7F67722E47665522BD28A49A685E2786/98.xge
[2022.04.06-06.14.08:828][  0]LogShaderCompilers: Rescheduling shader compilation to run locally after XGE job failed: C:/Users/Nino/AppData/Local/Temp/UnrealXGEWorkingDir/7F67722E47665522BD28A49A685E2786/100.xge
[2022.04.06-06.14.13:296][  0]LogShaderCompilers: Rescheduling shader compilation to run locally after XGE job failed: C:/Users/Nino/AppData/Local/Temp/UnrealXGEWorkingDir/7F67722E47665522BD28A49A685E2786/102.xge
[2022.04.06-06.14.18:323][  0]LogShaderCompilers: Rescheduling shader compilation to run locally after XGE job failed: C:/Users/Nino/AppData/Local/Temp/UnrealXGEWorkingDir/7F67722E47665522BD28A49A685E2786/104.xge
[2022.04.06-06.14.20:000][  0]LogShaderCompilers: Rescheduling shader compilation to run locally after XGE job failed: C:/Users/Nino/AppData/Local/Temp/UnrealXGEWorkingDir/7F67722E47665522BD28A49A685E2786/106.xge
[2022.04.06-06.14.21:676][  0]LogShaderCompilers: Rescheduling shader compilation to run locally after XGE job failed: C:/Users/Nino/AppData/Local/Temp/UnrealXGEWorkingDir/7F67722E47665522BD28A49A685E2786/108.xge
[2022.04.06-06.14.24:469][  0]LogShaderCompilers: Rescheduling shader compilation to run locally after XGE job failed: C:/Users/Nino/AppData/Local/Temp/UnrealXGEWorkingDir/7F67722E47665522BD28A49A685E2786/110.xge
[2022.04.06-06.14.28:383][  0]LogShaderCompilers: Rescheduling shader compilation to run locally after XGE job failed: C:/Users/Nino/AppData/Local/Temp/UnrealXGEWorkingDir/7F67722E47665522BD28A49A685E2786/112.xge
[2022.04.06-06.14.30:618][  0]LogShaderCompilers: Rescheduling shader compilation to run locally after XGE job failed: C:/Users/Nino/AppData/Local/Temp/UnrealXGEWorkingDir/7F67722E47665522BD28A49A685E2786/114.xge
[2022.04.06-06.14.32:292][  0]LogShaderCompilers: Rescheduling shader compilation to run locally after XGE job failed: C:/Users/Nino/AppData/Local/Temp/UnrealXGEWorkingDir/7F67722E47665522BD28A49A685E2786/116.xge
[2022.04.06-06.14.37:319][  0]LogShaderCompilers: Rescheduling shader compilation to run locally after XGE job failed: C:/Users/Nino/AppData/Local/Temp/UnrealXGEWorkingDir/7F67722E47665522BD28A49A685E2786/118.xge
[2022.04.06-06.14.40:113][  0]LogShaderCompilers: Rescheduling shader compilation to run locally after XGE job failed: C:/Users/Nino/AppData/Local/Temp/UnrealXGEWorkingDir/7F67722E47665522BD28A49A685E2786/120.xge
[2022.04.06-06.14.43:447][  0]LogShaderCompilers: Rescheduling shader compilation to run locally after XGE job failed: C:/Users/Nino/AppData/Local/Temp/UnrealXGEWorkingDir/7F67722E47665522BD28A49A685E2786/122.xge
[2022.04.06-06.14.59:111][  0]LogShaderCompilers: Rescheduling shader compilation to run locally after XGE job failed: C:/Users/Nino/AppData/Local/Temp/UnrealXGEWorkingDir/7F67722E47665522BD28A49A685E2786/124.xge
[2022.04.06-06.15.02:461][  0]LogShaderCompilers: Rescheduling shader compilation to run locally after XGE job failed: C:/Users/Nino/AppData/Local/Temp/UnrealXGEWorkingDir/7F67722E47665522BD28A49A685E2786/126.xge
[2022.04.06-06.15.06:370][  0]LogShaderCompilers: Rescheduling shader compilation to run locally after XGE job failed: C:/Users/Nino/AppData/Local/Temp/UnrealXGEWorkingDir/7F67722E47665522BD28A49A685E2786/128.xge
[2022.04.06-06.15.08:046][  0]LogShaderCompilers: Rescheduling shader compilation to run locally after XGE job failed: C:/Users/Nino/AppData/Local/Temp/UnrealXGEWorkingDir/7F67722E47665522BD28A49A685E2786/130.xge
[2022.04.06-06.15.10:840][  0]LogShaderCompilers: Rescheduling shader compilation to run locally after XGE job failed: C:/Users/Nino/AppData/Local/Temp/UnrealXGEWorkingDir/7F67722E47665522BD28A49A685E2786/132.xge
[2022.04.06-06.15.14:754][  0]LogShaderCompilers: Rescheduling shader compilation to run locally after XGE job failed: C:/Users/Nino/AppData/Local/Temp/UnrealXGEWorkingDir/7F67722E47665522BD28A49A685E2786/134.xge
[2022.04.06-06.15.19:785][  0]LogShaderCompilers: Rescheduling shader compilation to run locally after XGE job failed: C:/Users/Nino/AppData/Local/Temp/UnrealXGEWorkingDir/7F67722E47665522BD28A49A685E2786/136.xge
[2022.04.06-06.15.23:697][  0]LogShaderCompilers: Rescheduling shader compilation to run locally after XGE job failed: C:/Users/Nino/AppData/Local/Temp/UnrealXGEWorkingDir/7F67722E47665522BD28A49A685E2786/138.xge
[2022.04.06-06.15.29:282][  0]LogShaderCompilers: Rescheduling shader compilation to run locally after XGE job failed: C:/Users/Nino/AppData/Local/Temp/UnrealXGEWorkingDir/7F67722E47665522BD28A49A685E2786/140.xge
[2022.04.06-06.15.30:957][  0]LogShaderCompilers: Rescheduling shader compilation to run locally after XGE job failed: C:/Users/Nino/AppData/Local/Temp/UnrealXGEWorkingDir/7F67722E47665522BD28A49A685E2786/142.xge
[2022.04.06-06.15.33:176][  0]LogShaderCompilers: Rescheduling shader compilation to run locally after XGE job failed: C:/Users/Nino/AppData/Local/Temp/UnrealXGEWorkingDir/7F67722E47665522BD28A49A685E2786/144.xge
[2022.04.06-06.15.41:560][  0]LogShaderCompilers: Rescheduling shader compilation to run locally after XGE job failed: C:/Users/Nino/AppData/Local/Temp/UnrealXGEWorkingDir/7F67722E47665522BD28A49A685E2786/146.xge
[2022.04.06-06.15.47:150][  0]LogShaderCompilers: Rescheduling shader compilation to run locally after XGE job failed: C:/Users/Nino/AppData/Local/Temp/UnrealXGEWorkingDir/7F67722E47665522BD28A49A685E2786/148.xge
[2022.04.06-06.15.49:386][  0]LogShaderCompilers: Rescheduling shader compilation to run locally after XGE job failed: C:/Users/Nino/AppData/Local/Temp/UnrealXGEWorkingDir/7F67722E47665522BD28A49A685E2786/150.xge
[2022.04.06-06.15.51:622][  0]LogShaderCompilers: Rescheduling shader compilation to run locally after XGE job failed: C:/Users/Nino/AppData/Local/Temp/UnrealXGEWorkingDir/7F67722E47665522BD28A49A685E2786/152.xge
[2022.04.06-06.15.54:820][  0]LogShaderCompilers: Rescheduling shader compilation to run locally after XGE job failed: C:/Users/Nino/AppData/Local/Temp/UnrealXGEWorkingDir/7F67722E47665522BD28A49A685E2786/154.xge
[2022.04.06-06.15.59:849][  0]LogShaderCompilers: Rescheduling shader compilation to run locally after XGE job failed: C:/Users/Nino/AppData/Local/Temp/UnrealXGEWorkingDir/7F67722E47665522BD28A49A685E2786/156.xge
[2022.04.06-06.16.06:559][  0]LogShaderCompilers: Rescheduling shader compilation to run locally after XGE job failed: C:/Users/Nino/AppData/Local/Temp/UnrealXGEWorkingDir/7F67722E47665522BD28A49A685E2786/158.xge
[2022.04.06-06.16.10:469][  0]LogShaderCompilers: Rescheduling shader compilation to run locally after XGE job failed: C:/Users/Nino/AppData/Local/Temp/UnrealXGEWorkingDir/7F67722E47665522BD28A49A685E2786/160.xge
[2022.04.06-06.16.11:587][  0]LogShaderCompilers: Rescheduling shader compilation to run locally after XGE job failed: C:/Users/Nino/AppData/Local/Temp/UnrealXGEWorkingDir/7F67722E47665522BD28A49A685E2786/162.xge
[2022.04.06-06.16.14:939][  0]LogShaderCompilers: Rescheduling shader compilation to run locally after XGE job failed: C:/Users/Nino/AppData/Local/Temp/UnrealXGEWorkingDir/7F67722E47665522BD28A49A685E2786/164.xge
[2022.04.06-06.16.33:942][  0]LogShaderCompilers: Rescheduling shader compilation to run locally after XGE job failed: C:/Users/Nino/AppData/Local/Temp/UnrealXGEWorkingDir/7F67722E47665522BD28A49A685E2786/166.xge
[2022.04.06-06.16.36:736][  0]LogShaderCompilers: Rescheduling shader compilation to run locally after XGE job failed: C:/Users/Nino/AppData/Local/Temp/UnrealXGEWorkingDir/7F67722E47665522BD28A49A685E2786/168.xge
[2022.04.06-06.16.38:971][  0]LogShaderCompilers: Rescheduling shader compilation to run locally after XGE job failed: C:/Users/Nino/AppData/Local/Temp/UnrealXGEWorkingDir/7F67722E47665522BD28A49A685E2786/170.xge
[2022.04.06-06.16.46:797][  0]LogShaderCompilers: Rescheduling shader compilation to run locally after XGE job failed: C:/Users/Nino/AppData/Local/Temp/UnrealXGEWorkingDir/7F67722E47665522BD28A49A685E2786/172.xge
[2022.04.06-06.16.49:594][  0]LogShaderCompilers: Rescheduling shader compilation to run locally after XGE job failed: C:/Users/Nino/AppData/Local/Temp/UnrealXGEWorkingDir/7F67722E47665522BD28A49A685E2786/174.xge
[2022.04.06-06.16.51:269][  0]LogShaderCompilers: Rescheduling shader compilation to run locally after XGE job failed: C:/Users/Nino/AppData/Local/Temp/UnrealXGEWorkingDir/7F67722E47665522BD28A49A685E2786/176.xge
[2022.04.06-06.16.54:619][  0]LogShaderCompilers: Rescheduling shader compilation to run locally after XGE job failed: C:/Users/Nino/AppData/Local/Temp/UnrealXGEWorkingDir/7F67722E47665522BD28A49A685E2786/178.xge
[2022.04.06-06.16.57:411][  0]LogShaderCompilers: Rescheduling shader compilation to run locally after XGE job failed: C:/Users/Nino/AppData/Local/Temp/UnrealXGEWorkingDir/7F67722E47665522BD28A49A685E2786/180.xge
[2022.04.06-06.17.00:203][  0]LogShaderCompilers: Rescheduling shader compilation to run locally after XGE job failed: C:/Users/Nino/AppData/Local/Temp/UnrealXGEWorkingDir/7F67722E47665522BD28A49A685E2786/182.xge
[2022.04.06-06.17.02:999][  0]LogShaderCompilers: Rescheduling shader compilation to run locally after XGE job failed: C:/Users/Nino/AppData/Local/Temp/UnrealXGEWorkingDir/7F67722E47665522BD28A49A685E2786/184.xge
[2022.04.06-06.17.06:350][  0]LogShaderCompilers: Rescheduling shader compilation to run locally after XGE job failed: C:/Users/Nino/AppData/Local/Temp/UnrealXGEWorkingDir/7F67722E47665522BD28A49A685E2786/186.xge
[2022.04.06-06.17.07:467][  0]LogShaderCompilers: Rescheduling shader compilation to run locally after XGE job failed: C:/Users/Nino/AppData/Local/Temp/UnrealXGEWorkingDir/7F67722E47665522BD28A49A685E2786/188.xge
[2022.04.06-06.17.10:243][  0]LogShaderCompilers: Rescheduling shader compilation to run locally after XGE job failed: C:/Users/Nino/AppData/Local/Temp/UnrealXGEWorkingDir/7F67722E47665522BD28A49A685E2786/190.xge
[2022.04.06-06.17.14:152][  0]LogShaderCompilers: Rescheduling shader compilation to run locally after XGE job failed: C:/Users/Nino/AppData/Local/Temp/UnrealXGEWorkingDir/7F67722E47665522BD28A49A685E2786/192.xge
[2022.04.06-06.17.21:417][  0]LogShaderCompilers: Rescheduling shader compilation to run locally after XGE job failed: C:/Users/Nino/AppData/Local/Temp/UnrealXGEWorkingDir/7F67722E47665522BD28A49A685E2786/194.xge
[2022.04.06-06.17.25:883][  0]LogShaderCompilers: Rescheduling shader compilation to run locally after XGE job failed: C:/Users/Nino/AppData/Local/Temp/UnrealXGEWorkingDir/7F67722E47665522BD28A49A685E2786/196.xge
[2022.04.06-06.17.28:117][  0]LogShaderCompilers: Rescheduling shader compilation to run locally after XGE job failed: C:/Users/Nino/AppData/Local/Temp/UnrealXGEWorkingDir/7F67722E47665522BD28A49A685E2786/198.xge
[2022.04.06-06.17.29:793][  0]LogShaderCompilers: Rescheduling shader compilation to run locally after XGE job failed: C:/Users/Nino/AppData/Local/Temp/UnrealXGEWorkingDir/7F67722E47665522BD28A49A685E2786/200.xge
[2022.04.06-06.17.37:060][  0]LogShaderCompilers: Rescheduling shader compilation to run locally after XGE job failed: C:/Users/Nino/AppData/Local/Temp/UnrealXGEWorkingDir/7F67722E47665522BD28A49A685E2786/202.xge
[2022.04.06-06.17.41:507][  0]LogShaderCompilers: Rescheduling shader compilation to run locally after XGE job failed: C:/Users/Nino/AppData/Local/Temp/UnrealXGEWorkingDir/7F67722E47665522BD28A49A685E2786/204.xge
[2022.04.06-06.17.57:127][  0]LogShaderCompilers: Rescheduling shader compilation to run locally after XGE job failed: C:/Users/Nino/AppData/Local/Temp/UnrealXGEWorkingDir/7F67722E47665522BD28A49A685E2786/206.xge
[2022.04.06-06.17.59:919][  0]LogShaderCompilers: Rescheduling shader compilation to run locally after XGE job failed: C:/Users/Nino/AppData/Local/Temp/UnrealXGEWorkingDir/7F67722E47665522BD28A49A685E2786/208.xge
[2022.04.06-06.18.08:316][  0]LogShaderCompilers: Rescheduling shader compilation to run locally after XGE job failed: C:/Users/Nino/AppData/Local/Temp/UnrealXGEWorkingDir/7F67722E47665522BD28A49A685E2786/210.xge
[2022.04.06-06.18.11:689][  0]LogShaderCompilers: Rescheduling shader compilation to run locally after XGE job failed: C:/Users/Nino/AppData/Local/Temp/UnrealXGEWorkingDir/7F67722E47665522BD28A49A685E2786/212.xge
[2022.04.06-06.18.16:157][  0]LogShaderCompilers: Rescheduling shader compilation to run locally after XGE job failed: C:/Users/Nino/AppData/Local/Temp/UnrealXGEWorkingDir/7F67722E47665522BD28A49A685E2786/214.xge
[2022.04.06-06.18.18:377][  0]LogShaderCompilers: Rescheduling shader compilation to run locally after XGE job failed: C:/Users/Nino/AppData/Local/Temp/UnrealXGEWorkingDir/7F67722E47665522BD28A49A685E2786/216.xge
[2022.04.06-06.18.23:403][  0]LogShaderCompilers: Rescheduling shader compilation to run locally after XGE job failed: C:/Users/Nino/AppData/Local/Temp/UnrealXGEWorkingDir/7F67722E47665522BD28A49A685E2786/218.xge
[2022.04.06-06.18.40:733][  0]LogShaderCompilers: Rescheduling shader compilation to run locally after XGE job failed: C:/Users/Nino/AppData/Local/Temp/UnrealXGEWorkingDir/7F67722E47665522BD28A49A685E2786/220.xge
[2022.04.06-06.18.44:083][  0]LogShaderCompilers: Rescheduling shader compilation to run locally after XGE job failed: C:/Users/Nino/AppData/Local/Temp/UnrealXGEWorkingDir/7F67722E47665522BD28A49A685E2786/222.xge
[2022.04.06-06.18.54:144][  0]LogShaderCompilers: Rescheduling shader compilation to run locally after XGE job failed: C:/Users/Nino/AppData/Local/Temp/UnrealXGEWorkingDir/7F67722E47665522BD28A49A685E2786/224.xge
[2022.04.06-06.19.01:408][  0]LogShaderCompilers: Rescheduling shader compilation to run locally after XGE job failed: C:/Users/Nino/AppData/Local/Temp/UnrealXGEWorkingDir/7F67722E47665522BD28A49A685E2786/226.xge
[2022.04.06-06.19.04:204][  0]LogShaderCompilers: Rescheduling shader compilation to run locally after XGE job failed: C:/Users/Nino/AppData/Local/Temp/UnrealXGEWorkingDir/7F67722E47665522BD28A49A685E2786/228.xge
[2022.04.06-06.19.07:553][  0]LogShaderCompilers: Rescheduling shader compilation to run locally after XGE job failed: C:/Users/Nino/AppData/Local/Temp/UnrealXGEWorkingDir/7F67722E47665522BD28A49A685E2786/230.xge
[2022.04.06-06.19.10:905][  0]LogShaderCompilers: Rescheduling shader compilation to run locally after XGE job failed: C:/Users/Nino/AppData/Local/Temp/UnrealXGEWorkingDir/7F67722E47665522BD28A49A685E2786/232.xge
[2022.04.06-06.19.25:433][  0]LogShaderCompilers: Rescheduling shader compilation to run locally after XGE job failed: C:/Users/Nino/AppData/Local/Temp/UnrealXGEWorkingDir/7F67722E47665522BD28A49A685E2786/234.xge
[2022.04.06-06.19.27:107][  0]LogShaderCompilers: Rescheduling shader compilation to run locally after XGE job failed: C:/Users/Nino/AppData/Local/Temp/UnrealXGEWorkingDir/7F67722E47665522BD28A49A685E2786/236.xge
